{"/Users/junwoobang/project/mdoc-tools/src/errors/index.ts": {"path":"/Users/junwoobang/project/mdoc-tools/src/errors/index.ts","statementMap":{"0":{"start":{"line":9,"column":7},"end":{"line":9,"column":null}},"1":{"start":{"line":11,"column":2},"end":{"line":11,"column":null}},"2":{"start":{"line":13,"column":2},"end":{"line":13,"column":null}},"3":{"start":{"line":15,"column":2},"end":{"line":15,"column":null}},"4":{"start":{"line":9,"column":12},"end":{"line":9,"column":null}},"5":{"start":{"line":18,"column":7},"end":{"line":18,"column":null}},"6":{"start":{"line":20,"column":2},"end":{"line":20,"column":null}},"7":{"start":{"line":21,"column":2},"end":{"line":21,"column":null}},"8":{"start":{"line":22,"column":2},"end":{"line":22,"column":null}},"9":{"start":{"line":25,"column":2},"end":{"line":25,"column":null}},"10":{"start":{"line":26,"column":2},"end":{"line":26,"column":null}},"11":{"start":{"line":27,"column":2},"end":{"line":27,"column":null}},"12":{"start":{"line":30,"column":2},"end":{"line":30,"column":null}},"13":{"start":{"line":31,"column":2},"end":{"line":31,"column":null}},"14":{"start":{"line":32,"column":2},"end":{"line":32,"column":null}},"15":{"start":{"line":33,"column":2},"end":{"line":33,"column":null}},"16":{"start":{"line":34,"column":2},"end":{"line":34,"column":null}},"17":{"start":{"line":37,"column":2},"end":{"line":37,"column":null}},"18":{"start":{"line":38,"column":2},"end":{"line":38,"column":null}},"19":{"start":{"line":41,"column":2},"end":{"line":41,"column":null}},"20":{"start":{"line":42,"column":2},"end":{"line":42,"column":null}},"21":{"start":{"line":43,"column":2},"end":{"line":43,"column":null}},"22":{"start":{"line":46,"column":2},"end":{"line":46,"column":null}},"23":{"start":{"line":18,"column":12},"end":{"line":18,"column":null}},"24":{"start":{"line":88,"column":4},"end":{"line":88,"column":null}},"25":{"start":{"line":83,"column":11},"end":{"line":83,"column":null}},"26":{"start":{"line":85,"column":11},"end":{"line":85,"column":37}},"27":{"start":{"line":86,"column":11},"end":{"line":86,"column":35}},"28":{"start":{"line":89,"column":4},"end":{"line":89,"column":null}},"29":{"start":{"line":91,"column":4},"end":{"line":91,"column":null}},"30":{"start":{"line":98,"column":28},"end":{"line":98,"column":null}},"31":{"start":{"line":101,"column":49},"end":{"line":105,"column":null}},"32":{"start":{"line":107,"column":4},"end":{"line":107,"column":null}},"33":{"start":{"line":108,"column":4},"end":{"line":108,"column":null}},"34":{"start":{"line":111,"column":4},"end":{"line":121,"column":null}},"35":{"start":{"line":112,"column":23},"end":{"line":112,"column":null}},"36":{"start":{"line":113,"column":6},"end":{"line":113,"column":null}},"37":{"start":{"line":115,"column":6},"end":{"line":120,"column":null}},"38":{"start":{"line":116,"column":8},"end":{"line":116,"column":null}},"39":{"start":{"line":117,"column":8},"end":{"line":119,"column":null}},"40":{"start":{"line":118,"column":10},"end":{"line":118,"column":null}},"41":{"start":{"line":124,"column":4},"end":{"line":126,"column":null}},"42":{"start":{"line":125,"column":6},"end":{"line":125,"column":null}},"43":{"start":{"line":129,"column":4},"end":{"line":131,"column":null}},"44":{"start":{"line":130,"column":6},"end":{"line":130,"column":null}},"45":{"start":{"line":133,"column":4},"end":{"line":133,"column":null}},"46":{"start":{"line":140,"column":4},"end":{"line":145,"column":null}},"47":{"start":{"line":152,"column":4},"end":{"line":152,"column":null}},"48":{"start":{"line":156,"column":4},"end":{"line":156,"column":null}},"49":{"start":{"line":160,"column":4},"end":{"line":160,"column":null}},"50":{"start":{"line":168,"column":35},"end":{"line":168,"column":null}},"51":{"start":{"line":171,"column":4},"end":{"line":171,"column":null}},"52":{"start":{"line":175,"column":4},"end":{"line":175,"column":null}},"53":{"start":{"line":179,"column":4},"end":{"line":179,"column":null}},"54":{"start":{"line":183,"column":4},"end":{"line":183,"column":null}},"55":{"start":{"line":183,"column":35},"end":{"line":183,"column":50}},"56":{"start":{"line":187,"column":4},"end":{"line":187,"column":null}},"57":{"start":{"line":187,"column":35},"end":{"line":187,"column":58}},"58":{"start":{"line":191,"column":4},"end":{"line":191,"column":null}},"59":{"start":{"line":195,"column":4},"end":{"line":195,"column":null}},"60":{"start":{"line":199,"column":4},"end":{"line":199,"column":null}},"61":{"start":{"line":199,"column":33},"end":{"line":199,"column":44}},"62":{"start":{"line":203,"column":4},"end":{"line":203,"column":null}},"63":{"start":{"line":203,"column":33},"end":{"line":203,"column":46}},"64":{"start":{"line":207,"column":4},"end":{"line":207,"column":null}},"65":{"start":{"line":211,"column":4},"end":{"line":211,"column":null}},"66":{"start":{"line":215,"column":4},"end":{"line":215,"column":null}},"67":{"start":{"line":222,"column":4},"end":{"line":224,"column":null}},"68":{"start":{"line":223,"column":6},"end":{"line":223,"column":null}},"69":{"start":{"line":226,"column":28},"end":{"line":226,"column":null}},"70":{"start":{"line":227,"column":26},"end":{"line":227,"column":null}},"71":{"start":{"line":230,"column":4},"end":{"line":236,"column":null}},"72":{"start":{"line":231,"column":19},"end":{"line":231,"column":null}},"73":{"start":{"line":232,"column":6},"end":{"line":234,"column":null}},"74":{"start":{"line":233,"column":8},"end":{"line":233,"column":null}},"75":{"start":{"line":235,"column":6},"end":{"line":235,"column":null}},"76":{"start":{"line":239,"column":4},"end":{"line":247,"column":null}},"77":{"start":{"line":240,"column":6},"end":{"line":242,"column":null}},"78":{"start":{"line":241,"column":8},"end":{"line":241,"column":null}},"79":{"start":{"line":244,"column":6},"end":{"line":246,"column":null}},"80":{"start":{"line":245,"column":8},"end":{"line":245,"column":null}},"81":{"start":{"line":250,"column":23},"end":{"line":250,"column":null}},"82":{"start":{"line":251,"column":25},"end":{"line":251,"column":null}},"83":{"start":{"line":252,"column":22},"end":{"line":252,"column":null}},"84":{"start":{"line":254,"column":4},"end":{"line":254,"column":null}},"85":{"start":{"line":255,"column":4},"end":{"line":255,"column":null}},"86":{"start":{"line":257,"column":4},"end":{"line":257,"column":null}}},"fnMap":{"0":{"name":"(anonymous_0)","decl":{"start":{"line":9,"column":7},"end":{"line":9,"column":12}},"loc":{"start":{"line":9,"column":7},"end":{"line":9,"column":null}},"line":9},"1":{"name":"(anonymous_1)","decl":{"start":{"line":18,"column":7},"end":{"line":18,"column":12}},"loc":{"start":{"line":18,"column":7},"end":{"line":18,"column":null}},"line":18},"2":{"name":"(anonymous_2)","decl":{"start":{"line":82,"column":2},"end":{"line":82,"column":null}},"loc":{"start":{"line":87,"column":4},"end":{"line":92,"column":null}},"line":87},"3":{"name":"(anonymous_3)","decl":{"start":{"line":97,"column":2},"end":{"line":97,"column":26}},"loc":{"start":{"line":97,"column":26},"end":{"line":134,"column":null}},"line":97},"4":{"name":"(anonymous_4)","decl":{"start":{"line":139,"column":2},"end":{"line":139,"column":11}},"loc":{"start":{"line":139,"column":11},"end":{"line":146,"column":null}},"line":139},"5":{"name":"(anonymous_5)","decl":{"start":{"line":151,"column":2},"end":{"line":151,"column":21}},"loc":{"start":{"line":151,"column":21},"end":{"line":153,"column":null}},"line":151},"6":{"name":"(anonymous_6)","decl":{"start":{"line":155,"column":2},"end":{"line":155,"column":23}},"loc":{"start":{"line":155,"column":23},"end":{"line":157,"column":null}},"line":155},"7":{"name":"(anonymous_7)","decl":{"start":{"line":159,"column":2},"end":{"line":159,"column":20}},"loc":{"start":{"line":159,"column":20},"end":{"line":161,"column":null}},"line":159},"8":{"name":"(anonymous_8)","decl":{"start":{"line":170,"column":2},"end":{"line":170,"column":6}},"loc":{"start":{"line":170,"column":33},"end":{"line":172,"column":null}},"line":170},"9":{"name":"(anonymous_9)","decl":{"start":{"line":174,"column":2},"end":{"line":174,"column":10}},"loc":{"start":{"line":174,"column":40},"end":{"line":176,"column":null}},"line":174},"10":{"name":"(anonymous_10)","decl":{"start":{"line":178,"column":2},"end":{"line":178,"column":30}},"loc":{"start":{"line":178,"column":30},"end":{"line":180,"column":null}},"line":178},"11":{"name":"(anonymous_11)","decl":{"start":{"line":182,"column":2},"end":{"line":182,"column":18}},"loc":{"start":{"line":182,"column":51},"end":{"line":184,"column":null}},"line":182},"12":{"name":"(anonymous_12)","decl":{"start":{"line":183,"column":30},"end":{"line":183,"column":35}},"loc":{"start":{"line":183,"column":35},"end":{"line":183,"column":50}},"line":183},"13":{"name":"(anonymous_13)","decl":{"start":{"line":186,"column":2},"end":{"line":186,"column":22}},"loc":{"start":{"line":186,"column":63},"end":{"line":188,"column":null}},"line":186},"14":{"name":"(anonymous_14)","decl":{"start":{"line":187,"column":30},"end":{"line":187,"column":35}},"loc":{"start":{"line":187,"column":35},"end":{"line":187,"column":58}},"line":187},"15":{"name":"(anonymous_15)","decl":{"start":{"line":190,"column":2},"end":{"line":190,"column":30}},"loc":{"start":{"line":190,"column":30},"end":{"line":192,"column":null}},"line":190},"16":{"name":"(anonymous_16)","decl":{"start":{"line":194,"column":2},"end":{"line":194,"column":32}},"loc":{"start":{"line":194,"column":32},"end":{"line":196,"column":null}},"line":194},"17":{"name":"(anonymous_17)","decl":{"start":{"line":198,"column":2},"end":{"line":198,"column":23}},"loc":{"start":{"line":198,"column":23},"end":{"line":200,"column":null}},"line":198},"18":{"name":"(anonymous_18)","decl":{"start":{"line":199,"column":28},"end":{"line":199,"column":33}},"loc":{"start":{"line":199,"column":33},"end":{"line":199,"column":44}},"line":199},"19":{"name":"(anonymous_19)","decl":{"start":{"line":202,"column":2},"end":{"line":202,"column":25}},"loc":{"start":{"line":202,"column":25},"end":{"line":204,"column":null}},"line":202},"20":{"name":"(anonymous_20)","decl":{"start":{"line":203,"column":28},"end":{"line":203,"column":33}},"loc":{"start":{"line":203,"column":33},"end":{"line":203,"column":46}},"line":203},"21":{"name":"(anonymous_21)","decl":{"start":{"line":206,"column":2},"end":{"line":206,"column":18}},"loc":{"start":{"line":206,"column":18},"end":{"line":208,"column":null}},"line":206},"22":{"name":"(anonymous_22)","decl":{"start":{"line":210,"column":2},"end":{"line":210,"column":14}},"loc":{"start":{"line":210,"column":39},"end":{"line":212,"column":null}},"line":210},"23":{"name":"(anonymous_23)","decl":{"start":{"line":214,"column":2},"end":{"line":214,"column":16}},"loc":{"start":{"line":214,"column":16},"end":{"line":216,"column":null}},"line":214},"24":{"name":"(anonymous_24)","decl":{"start":{"line":221,"column":2},"end":{"line":221,"column":25}},"loc":{"start":{"line":221,"column":25},"end":{"line":258,"column":null}},"line":221}},"branchMap":{"0":{"loc":{"start":{"line":9,"column":12},"end":{"line":9,"column":null}},"type":"binary-expr","locations":[{"start":{"line":9,"column":12},"end":{"line":9,"column":null}},{"start":{"line":9,"column":12},"end":{"line":9,"column":null}}],"line":9},"1":{"loc":{"start":{"line":18,"column":12},"end":{"line":18,"column":null}},"type":"binary-expr","locations":[{"start":{"line":18,"column":12},"end":{"line":18,"column":null}},{"start":{"line":18,"column":12},"end":{"line":18,"column":null}}],"line":18},"2":{"loc":{"start":{"line":85,"column":11},"end":{"line":85,"column":null}},"type":"default-arg","locations":[{"start":{"line":85,"column":37},"end":{"line":85,"column":null}}],"line":85},"3":{"loc":{"start":{"line":86,"column":11},"end":{"line":86,"column":null}},"type":"default-arg","locations":[{"start":{"line":86,"column":35},"end":{"line":86,"column":null}}],"line":86},"4":{"loc":{"start":{"line":111,"column":4},"end":{"line":121,"column":null}},"type":"if","locations":[{"start":{"line":111,"column":4},"end":{"line":121,"column":null}},{"start":{},"end":{}}],"line":111},"5":{"loc":{"start":{"line":115,"column":6},"end":{"line":120,"column":null}},"type":"if","locations":[{"start":{"line":115,"column":6},"end":{"line":120,"column":null}},{"start":{},"end":{}}],"line":115},"6":{"loc":{"start":{"line":117,"column":8},"end":{"line":119,"column":null}},"type":"if","locations":[{"start":{"line":117,"column":8},"end":{"line":119,"column":null}},{"start":{},"end":{}}],"line":117},"7":{"loc":{"start":{"line":124,"column":4},"end":{"line":126,"column":null}},"type":"if","locations":[{"start":{"line":124,"column":4},"end":{"line":126,"column":null}},{"start":{},"end":{}}],"line":124},"8":{"loc":{"start":{"line":129,"column":4},"end":{"line":131,"column":null}},"type":"if","locations":[{"start":{"line":129,"column":4},"end":{"line":131,"column":null}},{"start":{},"end":{}}],"line":129},"9":{"loc":{"start":{"line":222,"column":4},"end":{"line":224,"column":null}},"type":"if","locations":[{"start":{"line":222,"column":4},"end":{"line":224,"column":null}},{"start":{},"end":{}}],"line":222},"10":{"loc":{"start":{"line":232,"column":6},"end":{"line":234,"column":null}},"type":"if","locations":[{"start":{"line":232,"column":6},"end":{"line":234,"column":null}},{"start":{},"end":{}}],"line":232},"11":{"loc":{"start":{"line":240,"column":6},"end":{"line":242,"column":null}},"type":"if","locations":[{"start":{"line":240,"column":6},"end":{"line":242,"column":null}},{"start":{},"end":{}}],"line":240}},"s":{"0":3,"1":3,"2":3,"3":3,"4":3,"5":3,"6":3,"7":3,"8":3,"9":3,"10":3,"11":3,"12":3,"13":3,"14":3,"15":3,"16":3,"17":3,"18":3,"19":3,"20":3,"21":3,"22":3,"23":3,"24":11,"25":11,"26":11,"27":11,"28":11,"29":11,"30":2,"31":2,"32":2,"33":2,"34":2,"35":2,"36":2,"37":2,"38":2,"39":2,"40":0,"41":2,"42":0,"43":2,"44":1,"45":2,"46":1,"47":2,"48":3,"49":0,"50":3,"51":5,"52":0,"53":0,"54":0,"55":0,"56":5,"57":7,"58":2,"59":2,"60":1,"61":1,"62":1,"63":2,"64":1,"65":0,"66":0,"67":1,"68":0,"69":1,"70":1,"71":1,"72":1,"73":1,"74":1,"75":1,"76":1,"77":1,"78":1,"79":1,"80":1,"81":1,"82":1,"83":1,"84":1,"85":1,"86":1},"f":{"0":3,"1":3,"2":11,"3":2,"4":1,"5":2,"6":3,"7":0,"8":5,"9":0,"10":0,"11":0,"12":0,"13":5,"14":7,"15":2,"16":2,"17":1,"18":1,"19":1,"20":2,"21":1,"22":0,"23":0,"24":1},"b":{"0":[3,3],"1":[3,3],"2":[11],"3":[11],"4":[2,0],"5":[2,0],"6":[0,2],"7":[0,2],"8":[1,1],"9":[0,1],"10":[1,0],"11":[1,0]},"meta":{"lastBranch":12,"lastFunction":25,"lastStatement":87,"seen":{"s:9:7:9:Infinity":0,"f:9:7:9:12":0,"s:11:2:11:Infinity":1,"s:13:2:13:Infinity":2,"s:15:2:15:Infinity":3,"s:9:12:9:Infinity":4,"b:9:12:9:Infinity:9:12:9:Infinity":0,"s:18:7:18:Infinity":5,"f:18:7:18:12":1,"s:20:2:20:Infinity":6,"s:21:2:21:Infinity":7,"s:22:2:22:Infinity":8,"s:25:2:25:Infinity":9,"s:26:2:26:Infinity":10,"s:27:2:27:Infinity":11,"s:30:2:30:Infinity":12,"s:31:2:31:Infinity":13,"s:32:2:32:Infinity":14,"s:33:2:33:Infinity":15,"s:34:2:34:Infinity":16,"s:37:2:37:Infinity":17,"s:38:2:38:Infinity":18,"s:41:2:41:Infinity":19,"s:42:2:42:Infinity":20,"s:43:2:43:Infinity":21,"s:46:2:46:Infinity":22,"s:18:12:18:Infinity":23,"b:18:12:18:Infinity:18:12:18:Infinity":1,"f:82:2:82:Infinity":2,"b:85:37:85:Infinity":2,"b:86:35:86:Infinity":3,"s:88:4:88:Infinity":24,"s:83:11:83:Infinity":25,"s:85:11:85:37":26,"s:86:11:86:35":27,"s:89:4:89:Infinity":28,"s:91:4:91:Infinity":29,"f:97:2:97:26":3,"s:98:28:98:Infinity":30,"s:101:49:105:Infinity":31,"s:107:4:107:Infinity":32,"s:108:4:108:Infinity":33,"b:111:4:121:Infinity:undefined:undefined:undefined:undefined":4,"s:111:4:121:Infinity":34,"s:112:23:112:Infinity":35,"s:113:6:113:Infinity":36,"b:115:6:120:Infinity:undefined:undefined:undefined:undefined":5,"s:115:6:120:Infinity":37,"s:116:8:116:Infinity":38,"b:117:8:119:Infinity:undefined:undefined:undefined:undefined":6,"s:117:8:119:Infinity":39,"s:118:10:118:Infinity":40,"b:124:4:126:Infinity:undefined:undefined:undefined:undefined":7,"s:124:4:126:Infinity":41,"s:125:6:125:Infinity":42,"b:129:4:131:Infinity:undefined:undefined:undefined:undefined":8,"s:129:4:131:Infinity":43,"s:130:6:130:Infinity":44,"s:133:4:133:Infinity":45,"f:139:2:139:11":4,"s:140:4:145:Infinity":46,"f:151:2:151:21":5,"s:152:4:152:Infinity":47,"f:155:2:155:23":6,"s:156:4:156:Infinity":48,"f:159:2:159:20":7,"s:160:4:160:Infinity":49,"s:168:35:168:Infinity":50,"f:170:2:170:6":8,"s:171:4:171:Infinity":51,"f:174:2:174:10":9,"s:175:4:175:Infinity":52,"f:178:2:178:30":10,"s:179:4:179:Infinity":53,"f:182:2:182:18":11,"s:183:4:183:Infinity":54,"f:183:30:183:35":12,"s:183:35:183:50":55,"f:186:2:186:22":13,"s:187:4:187:Infinity":56,"f:187:30:187:35":14,"s:187:35:187:58":57,"f:190:2:190:30":15,"s:191:4:191:Infinity":58,"f:194:2:194:32":16,"s:195:4:195:Infinity":59,"f:198:2:198:23":17,"s:199:4:199:Infinity":60,"f:199:28:199:33":18,"s:199:33:199:44":61,"f:202:2:202:25":19,"s:203:4:203:Infinity":62,"f:203:28:203:33":20,"s:203:33:203:46":63,"f:206:2:206:18":21,"s:207:4:207:Infinity":64,"f:210:2:210:14":22,"s:211:4:211:Infinity":65,"f:214:2:214:16":23,"s:215:4:215:Infinity":66,"f:221:2:221:25":24,"b:222:4:224:Infinity:undefined:undefined:undefined:undefined":9,"s:222:4:224:Infinity":67,"s:223:6:223:Infinity":68,"s:226:28:226:Infinity":69,"s:227:26:227:Infinity":70,"s:230:4:236:Infinity":71,"s:231:19:231:Infinity":72,"b:232:6:234:Infinity:undefined:undefined:undefined:undefined":10,"s:232:6:234:Infinity":73,"s:233:8:233:Infinity":74,"s:235:6:235:Infinity":75,"s:239:4:247:Infinity":76,"b:240:6:242:Infinity:undefined:undefined:undefined:undefined":11,"s:240:6:242:Infinity":77,"s:241:8:241:Infinity":78,"s:244:6:246:Infinity":79,"s:245:8:245:Infinity":80,"s:250:23:250:Infinity":81,"s:251:25:251:Infinity":82,"s:252:22:252:Infinity":83,"s:254:4:254:Infinity":84,"s:255:4:255:Infinity":85,"s:257:4:257:Infinity":86}}}
,"/Users/junwoobang/project/mdoc-tools/src/parsers/ParserFactory.ts": {"path":"/Users/junwoobang/project/mdoc-tools/src/parsers/ParserFactory.ts","statementMap":{"0":{"start":{"line":9,"column":57},"end":{"line":9,"column":null}},"1":{"start":{"line":10,"column":31},"end":{"line":10,"column":null}},"2":{"start":{"line":17,"column":4},"end":{"line":19,"column":null}},"3":{"start":{"line":18,"column":6},"end":{"line":18,"column":null}},"4":{"start":{"line":28,"column":4},"end":{"line":28,"column":null}},"5":{"start":{"line":30,"column":16},"end":{"line":30,"column":null}},"6":{"start":{"line":31,"column":4},"end":{"line":31,"column":null}},"7":{"start":{"line":39,"column":4},"end":{"line":39,"column":null}},"8":{"start":{"line":40,"column":4},"end":{"line":40,"column":null}},"9":{"start":{"line":48,"column":4},"end":{"line":48,"column":null}},"10":{"start":{"line":49,"column":26},"end":{"line":49,"column":null}},"11":{"start":{"line":50,"column":4},"end":{"line":52,"column":null}},"12":{"start":{"line":51,"column":6},"end":{"line":51,"column":null}},"13":{"start":{"line":53,"column":4},"end":{"line":53,"column":null}},"14":{"start":{"line":60,"column":4},"end":{"line":60,"column":null}},"15":{"start":{"line":60,"column":26},"end":{"line":60,"column":null}},"16":{"start":{"line":63,"column":4},"end":{"line":63,"column":null}},"17":{"start":{"line":64,"column":4},"end":{"line":64,"column":null}},"18":{"start":{"line":66,"column":4},"end":{"line":66,"column":null}},"19":{"start":{"line":73,"column":4},"end":{"line":73,"column":null}},"20":{"start":{"line":74,"column":4},"end":{"line":74,"column":null}}},"fnMap":{"0":{"name":"(anonymous_0)","decl":{"start":{"line":16,"column":9},"end":{"line":16,"column":18}},"loc":{"start":{"line":16,"column":49},"end":{"line":20,"column":null}},"line":16},"1":{"name":"(anonymous_1)","decl":{"start":{"line":27,"column":9},"end":{"line":27,"column":19}},"loc":{"start":{"line":27,"column":61},"end":{"line":32,"column":null}},"line":27},"2":{"name":"(anonymous_2)","decl":{"start":{"line":38,"column":9},"end":{"line":38,"column":44}},"loc":{"start":{"line":38,"column":44},"end":{"line":41,"column":null}},"line":38},"3":{"name":"(anonymous_3)","decl":{"start":{"line":47,"column":9},"end":{"line":47,"column":44}},"loc":{"start":{"line":47,"column":44},"end":{"line":54,"column":null}},"line":47},"4":{"name":"(anonymous_4)","decl":{"start":{"line":59,"column":17},"end":{"line":59,"column":43}},"loc":{"start":{"line":59,"column":43},"end":{"line":67,"column":null}},"line":59},"5":{"name":"(anonymous_5)","decl":{"start":{"line":72,"column":9},"end":{"line":72,"column":23}},"loc":{"start":{"line":72,"column":23},"end":{"line":75,"column":null}},"line":72}},"branchMap":{"0":{"loc":{"start":{"line":30,"column":16},"end":{"line":30,"column":null}},"type":"binary-expr","locations":[{"start":{"line":30,"column":16},"end":{"line":30,"column":60}},{"start":{"line":30,"column":60},"end":{"line":30,"column":null}}],"line":30},"1":{"loc":{"start":{"line":31,"column":11},"end":{"line":31,"column":null}},"type":"binary-expr","locations":[{"start":{"line":31,"column":11},"end":{"line":31,"column":36}},{"start":{"line":31,"column":36},"end":{"line":31,"column":null}}],"line":31},"2":{"loc":{"start":{"line":60,"column":4},"end":{"line":60,"column":null}},"type":"if","locations":[{"start":{"line":60,"column":4},"end":{"line":60,"column":null}},{"start":{},"end":{}}],"line":60}},"s":{"0":2,"1":2,"2":4,"3":10,"4":699,"5":699,"6":699,"7":0,"8":0,"9":0,"10":0,"11":0,"12":0,"13":0,"14":699,"15":697,"16":2,"17":2,"18":2,"19":0,"20":0},"f":{"0":2,"1":2,"2":2,"3":2,"4":2,"5":2},"b":{"0":[699,0],"1":[699,104],"2":[697,2]},"meta":{"lastBranch":3,"lastFunction":6,"lastStatement":21,"seen":{"s:9:57:9:Infinity":0,"s:10:31:10:Infinity":1,"f:16:9:16:18":0,"s:17:4:19:Infinity":2,"s:18:6:18:Infinity":3,"f:27:9:27:19":1,"s:28:4:28:Infinity":4,"s:30:16:30:Infinity":5,"b:30:16:30:60:30:60:30:Infinity":0,"s:31:4:31:Infinity":6,"b:31:11:31:36:31:36:31:Infinity":1,"f:38:9:38:44":2,"s:39:4:39:Infinity":7,"s:40:4:40:Infinity":8,"f:47:9:47:44":3,"s:48:4:48:Infinity":9,"s:49:26:49:Infinity":10,"s:50:4:52:Infinity":11,"s:51:6:51:Infinity":12,"s:53:4:53:Infinity":13,"f:59:17:59:43":4,"b:60:4:60:Infinity:undefined:undefined:undefined:undefined":2,"s:60:4:60:Infinity":14,"s:60:26:60:Infinity":15,"s:63:4:63:Infinity":16,"s:64:4:64:Infinity":17,"s:66:4:66:Infinity":18,"f:72:9:72:23":5,"s:73:4:73:Infinity":19,"s:74:4:74:Infinity":20}}}
,"/Users/junwoobang/project/mdoc-tools/src/parsers/PythonParser.ts": {"path":"/Users/junwoobang/project/mdoc-tools/src/parsers/PythonParser.ts","statementMap":{"0":{"start":{"line":15,"column":33},"end":{"line":15,"column":null}},"1":{"start":{"line":16,"column":26},"end":{"line":16,"column":null}},"2":{"start":{"line":22,"column":4},"end":{"line":22,"column":null}},"3":{"start":{"line":23,"column":4},"end":{"line":23,"column":null}},"4":{"start":{"line":24,"column":4},"end":{"line":24,"column":null}},"5":{"start":{"line":31,"column":4},"end":{"line":31,"column":null}},"6":{"start":{"line":38,"column":33},"end":{"line":38,"column":null}},"7":{"start":{"line":40,"column":4},"end":{"line":64,"column":null}},"8":{"start":{"line":41,"column":19},"end":{"line":41,"column":null}},"9":{"start":{"line":43,"column":6},"end":{"line":47,"column":null}},"10":{"start":{"line":51,"column":27},"end":{"line":51,"column":null}},"11":{"start":{"line":52,"column":6},"end":{"line":52,"column":null}},"12":{"start":{"line":54,"column":6},"end":{"line":57,"column":null}},"13":{"start":{"line":59,"column":6},"end":{"line":63,"column":null}},"14":{"start":{"line":78,"column":34},"end":{"line":78,"column":null}},"15":{"start":{"line":80,"column":4},"end":{"line":137,"column":null}},"16":{"start":{"line":82,"column":26},"end":{"line":82,"column":null}},"17":{"start":{"line":99,"column":20},"end":{"line":99,"column":null}},"18":{"start":{"line":100,"column":23},"end":{"line":100,"column":null}},"19":{"start":{"line":102,"column":31},"end":{"line":102,"column":null}},"20":{"start":{"line":104,"column":6},"end":{"line":127,"column":null}},"21":{"start":{"line":105,"column":8},"end":{"line":126,"column":null}},"22":{"start":{"line":106,"column":29},"end":{"line":106,"column":null}},"23":{"start":{"line":107,"column":28},"end":{"line":107,"column":null}},"24":{"start":{"line":110,"column":10},"end":{"line":112,"column":null}},"25":{"start":{"line":111,"column":12},"end":{"line":111,"column":null}},"26":{"start":{"line":113,"column":10},"end":{"line":113,"column":null}},"27":{"start":{"line":116,"column":24},"end":{"line":116,"column":null}},"28":{"start":{"line":118,"column":10},"end":{"line":125,"column":null}},"29":{"start":{"line":130,"column":27},"end":{"line":130,"column":null}},"30":{"start":{"line":131,"column":6},"end":{"line":131,"column":null}},"31":{"start":{"line":133,"column":6},"end":{"line":136,"column":null}},"32":{"start":{"line":139,"column":4},"end":{"line":139,"column":null}},"33":{"start":{"line":146,"column":28},"end":{"line":146,"column":null}},"34":{"start":{"line":149,"column":4},"end":{"line":168,"column":null}},"35":{"start":{"line":150,"column":26},"end":{"line":150,"column":null}},"36":{"start":{"line":155,"column":20},"end":{"line":155,"column":null}},"37":{"start":{"line":156,"column":23},"end":{"line":156,"column":null}},"38":{"start":{"line":158,"column":6},"end":{"line":162,"column":null}},"39":{"start":{"line":159,"column":8},"end":{"line":161,"column":null}},"40":{"start":{"line":160,"column":10},"end":{"line":160,"column":null}},"41":{"start":{"line":165,"column":6},"end":{"line":167,"column":null}},"42":{"start":{"line":166,"column":8},"end":{"line":166,"column":null}},"43":{"start":{"line":170,"column":4},"end":{"line":170,"column":null}},"44":{"start":{"line":186,"column":34},"end":{"line":186,"column":null}},"45":{"start":{"line":188,"column":4},"end":{"line":260,"column":null}},"46":{"start":{"line":190,"column":21},"end":{"line":190,"column":null}},"47":{"start":{"line":193,"column":6},"end":{"line":195,"column":null}},"48":{"start":{"line":194,"column":8},"end":{"line":194,"column":null}},"49":{"start":{"line":198,"column":6},"end":{"line":198,"column":null}},"50":{"start":{"line":200,"column":6},"end":{"line":250,"column":null}},"51":{"start":{"line":201,"column":21},"end":{"line":201,"column":null}},"52":{"start":{"line":203,"column":8},"end":{"line":249,"column":null}},"53":{"start":{"line":204,"column":23},"end":{"line":204,"column":null}},"54":{"start":{"line":205,"column":10},"end":{"line":215,"column":null}},"55":{"start":{"line":206,"column":12},"end":{"line":214,"column":null}},"56":{"start":{"line":216,"column":8},"end":{"line":249,"column":null}},"57":{"start":{"line":217,"column":23},"end":{"line":217,"column":null}},"58":{"start":{"line":218,"column":10},"end":{"line":228,"column":null}},"59":{"start":{"line":219,"column":12},"end":{"line":227,"column":null}},"60":{"start":{"line":229,"column":8},"end":{"line":249,"column":null}},"61":{"start":{"line":231,"column":29},"end":{"line":231,"column":null}},"62":{"start":{"line":232,"column":10},"end":{"line":248,"column":null}},"63":{"start":{"line":233,"column":25},"end":{"line":233,"column":null}},"64":{"start":{"line":234,"column":12},"end":{"line":247,"column":null}},"65":{"start":{"line":235,"column":27},"end":{"line":235,"column":null}},"66":{"start":{"line":236,"column":14},"end":{"line":246,"column":null}},"67":{"start":{"line":237,"column":16},"end":{"line":245,"column":null}},"68":{"start":{"line":253,"column":27},"end":{"line":253,"column":null}},"69":{"start":{"line":254,"column":6},"end":{"line":254,"column":null}},"70":{"start":{"line":256,"column":6},"end":{"line":259,"column":null}},"71":{"start":{"line":262,"column":4},"end":{"line":262,"column":null}},"72":{"start":{"line":269,"column":21},"end":{"line":269,"column":null}},"73":{"start":{"line":270,"column":4},"end":{"line":270,"column":null}},"74":{"start":{"line":277,"column":21},"end":{"line":277,"column":null}},"75":{"start":{"line":278,"column":4},"end":{"line":278,"column":null}}},"fnMap":{"0":{"name":"(anonymous_0)","decl":{"start":{"line":21,"column":2},"end":{"line":21,"column":16}},"loc":{"start":{"line":21,"column":16},"end":{"line":25,"column":null}},"line":21},"1":{"name":"(anonymous_1)","decl":{"start":{"line":30,"column":2},"end":{"line":30,"column":11}},"loc":{"start":{"line":30,"column":38},"end":{"line":32,"column":null}},"line":30},"2":{"name":"(anonymous_2)","decl":{"start":{"line":37,"column":2},"end":{"line":37,"column":8}},"loc":{"start":{"line":37,"column":59},"end":{"line":65,"column":null}},"line":37},"3":{"name":"(anonymous_3)","decl":{"start":{"line":77,"column":10},"end":{"line":77,"column":25}},"loc":{"start":{"line":77,"column":80},"end":{"line":140,"column":null}},"line":77},"4":{"name":"(anonymous_4)","decl":{"start":{"line":145,"column":10},"end":{"line":145,"column":29}},"loc":{"start":{"line":145,"column":70},"end":{"line":171,"column":null}},"line":145},"5":{"name":"(anonymous_5)","decl":{"start":{"line":185,"column":10},"end":{"line":185,"column":25}},"loc":{"start":{"line":185,"column":80},"end":{"line":263,"column":null}},"line":185},"6":{"name":"(anonymous_6)","decl":{"start":{"line":268,"column":10},"end":{"line":268,"column":30}},"loc":{"start":{"line":268,"column":70},"end":{"line":271,"column":null}},"line":268},"7":{"name":"(anonymous_7)","decl":{"start":{"line":276,"column":10},"end":{"line":276,"column":27}},"loc":{"start":{"line":276,"column":67},"end":{"line":279,"column":null}},"line":276}},"branchMap":{"0":{"loc":{"start":{"line":46,"column":16},"end":{"line":46,"column":null}},"type":"cond-expr","locations":[{"start":{"line":46,"column":36},"end":{"line":46,"column":45}},{"start":{"line":46,"column":45},"end":{"line":46,"column":null}}],"line":46},"1":{"loc":{"start":{"line":51,"column":27},"end":{"line":51,"column":null}},"type":"cond-expr","locations":[{"start":{"line":51,"column":52},"end":{"line":51,"column":68}},{"start":{"line":51,"column":68},"end":{"line":51,"column":null}}],"line":51},"2":{"loc":{"start":{"line":105,"column":8},"end":{"line":126,"column":null}},"type":"if","locations":[{"start":{"line":105,"column":8},"end":{"line":126,"column":null}},{"start":{},"end":{}}],"line":105},"3":{"loc":{"start":{"line":110,"column":10},"end":{"line":112,"column":null}},"type":"if","locations":[{"start":{"line":110,"column":10},"end":{"line":112,"column":null}},{"start":{},"end":{}}],"line":110},"4":{"loc":{"start":{"line":130,"column":27},"end":{"line":130,"column":null}},"type":"cond-expr","locations":[{"start":{"line":130,"column":52},"end":{"line":130,"column":68}},{"start":{"line":130,"column":68},"end":{"line":130,"column":null}}],"line":130},"5":{"loc":{"start":{"line":149,"column":4},"end":{"line":168,"column":null}},"type":"if","locations":[{"start":{"line":149,"column":4},"end":{"line":168,"column":null}},{"start":{},"end":{}}],"line":149},"6":{"loc":{"start":{"line":159,"column":8},"end":{"line":161,"column":null}},"type":"if","locations":[{"start":{"line":159,"column":8},"end":{"line":161,"column":null}},{"start":{},"end":{}}],"line":159},"7":{"loc":{"start":{"line":159,"column":12},"end":{"line":159,"column":84}},"type":"binary-expr","locations":[{"start":{"line":159,"column":12},"end":{"line":159,"column":39}},{"start":{"line":159,"column":39},"end":{"line":159,"column":84}}],"line":159},"8":{"loc":{"start":{"line":165,"column":6},"end":{"line":167,"column":null}},"type":"if","locations":[{"start":{"line":165,"column":6},"end":{"line":167,"column":null}},{"start":{},"end":{}}],"line":165},"9":{"loc":{"start":{"line":193,"column":6},"end":{"line":195,"column":null}},"type":"if","locations":[{"start":{"line":193,"column":6},"end":{"line":195,"column":null}},{"start":{},"end":{}}],"line":193},"10":{"loc":{"start":{"line":203,"column":8},"end":{"line":249,"column":null}},"type":"if","locations":[{"start":{"line":203,"column":8},"end":{"line":249,"column":null}},{"start":{"line":216,"column":8},"end":{"line":249,"column":null}}],"line":203},"11":{"loc":{"start":{"line":205,"column":10},"end":{"line":215,"column":null}},"type":"if","locations":[{"start":{"line":205,"column":10},"end":{"line":215,"column":null}},{"start":{},"end":{}}],"line":205},"12":{"loc":{"start":{"line":205,"column":14},"end":{"line":205,"column":45}},"type":"binary-expr","locations":[{"start":{"line":205,"column":14},"end":{"line":205,"column":22}},{"start":{"line":205,"column":22},"end":{"line":205,"column":45}}],"line":205},"13":{"loc":{"start":{"line":216,"column":8},"end":{"line":249,"column":null}},"type":"if","locations":[{"start":{"line":216,"column":8},"end":{"line":249,"column":null}},{"start":{"line":229,"column":8},"end":{"line":249,"column":null}}],"line":216},"14":{"loc":{"start":{"line":218,"column":10},"end":{"line":228,"column":null}},"type":"if","locations":[{"start":{"line":218,"column":10},"end":{"line":228,"column":null}},{"start":{},"end":{}}],"line":218},"15":{"loc":{"start":{"line":218,"column":14},"end":{"line":218,"column":45}},"type":"binary-expr","locations":[{"start":{"line":218,"column":14},"end":{"line":218,"column":22}},{"start":{"line":218,"column":22},"end":{"line":218,"column":45}}],"line":218},"16":{"loc":{"start":{"line":229,"column":8},"end":{"line":249,"column":null}},"type":"if","locations":[{"start":{"line":229,"column":8},"end":{"line":249,"column":null}},{"start":{},"end":{}}],"line":229},"17":{"loc":{"start":{"line":232,"column":10},"end":{"line":248,"column":null}},"type":"if","locations":[{"start":{"line":232,"column":10},"end":{"line":248,"column":null}},{"start":{},"end":{}}],"line":232},"18":{"loc":{"start":{"line":232,"column":14},"end":{"line":232,"column":62}},"type":"binary-expr","locations":[{"start":{"line":232,"column":14},"end":{"line":232,"column":28}},{"start":{"line":232,"column":28},"end":{"line":232,"column":62}}],"line":232},"19":{"loc":{"start":{"line":234,"column":12},"end":{"line":247,"column":null}},"type":"if","locations":[{"start":{"line":234,"column":12},"end":{"line":247,"column":null}},{"start":{},"end":{}}],"line":234},"20":{"loc":{"start":{"line":234,"column":16},"end":{"line":234,"column":52}},"type":"binary-expr","locations":[{"start":{"line":234,"column":16},"end":{"line":234,"column":24}},{"start":{"line":234,"column":24},"end":{"line":234,"column":52}}],"line":234},"21":{"loc":{"start":{"line":236,"column":14},"end":{"line":246,"column":null}},"type":"if","locations":[{"start":{"line":236,"column":14},"end":{"line":246,"column":null}},{"start":{},"end":{}}],"line":236},"22":{"loc":{"start":{"line":253,"column":27},"end":{"line":253,"column":null}},"type":"cond-expr","locations":[{"start":{"line":253,"column":52},"end":{"line":253,"column":68}},{"start":{"line":253,"column":68},"end":{"line":253,"column":null}}],"line":253},"23":{"loc":{"start":{"line":270,"column":11},"end":{"line":270,"column":null}},"type":"cond-expr","locations":[{"start":{"line":270,"column":22},"end":{"line":270,"column":38}},{"start":{"line":270,"column":38},"end":{"line":270,"column":null}}],"line":270},"24":{"loc":{"start":{"line":278,"column":11},"end":{"line":278,"column":null}},"type":"cond-expr","locations":[{"start":{"line":278,"column":22},"end":{"line":278,"column":38}},{"start":{"line":278,"column":38},"end":{"line":278,"column":null}}],"line":278}},"s":{"0":2,"1":2,"2":2,"3":2,"4":2,"5":0,"6":0,"7":0,"8":0,"9":0,"10":0,"11":0,"12":0,"13":0,"14":0,"15":0,"16":0,"17":0,"18":0,"19":0,"20":0,"21":0,"22":0,"23":0,"24":0,"25":0,"26":0,"27":0,"28":0,"29":0,"30":0,"31":0,"32":0,"33":0,"34":0,"35":0,"36":0,"37":0,"38":0,"39":0,"40":0,"41":0,"42":0,"43":0,"44":0,"45":0,"46":0,"47":0,"48":0,"49":0,"50":0,"51":0,"52":0,"53":0,"54":0,"55":0,"56":0,"57":0,"58":0,"59":0,"60":0,"61":0,"62":0,"63":0,"64":0,"65":0,"66":0,"67":0,"68":0,"69":0,"70":0,"71":0,"72":0,"73":0,"74":0,"75":0},"f":{"0":2,"1":0,"2":0,"3":0,"4":0,"5":0,"6":0,"7":0},"b":{"0":[0,0],"1":[0,0],"2":[0,0],"3":[0,0],"4":[0,0],"5":[0,0],"6":[0,0],"7":[0,0],"8":[0,0],"9":[0,0],"10":[0,0],"11":[0,0],"12":[0,0],"13":[0,0],"14":[0,0],"15":[0,0],"16":[0,0],"17":[0,0],"18":[0,0],"19":[0,0],"20":[0,0],"21":[0,0],"22":[0,0],"23":[0,0],"24":[0,0]},"meta":{"lastBranch":25,"lastFunction":8,"lastStatement":76,"seen":{"s:15:33:15:Infinity":0,"s:16:26:16:Infinity":1,"f:21:2:21:16":0,"s:22:4:22:Infinity":2,"s:23:4:23:Infinity":3,"s:24:4:24:Infinity":4,"f:30:2:30:11":1,"s:31:4:31:Infinity":5,"f:37:2:37:8":2,"s:38:33:38:Infinity":6,"s:40:4:64:Infinity":7,"s:41:19:41:Infinity":8,"s:43:6:47:Infinity":9,"b:46:36:46:45:46:45:46:Infinity":0,"s:51:27:51:Infinity":10,"b:51:52:51:68:51:68:51:Infinity":1,"s:52:6:52:Infinity":11,"s:54:6:57:Infinity":12,"s:59:6:63:Infinity":13,"f:77:10:77:25":3,"s:78:34:78:Infinity":14,"s:80:4:137:Infinity":15,"s:82:26:82:Infinity":16,"s:99:20:99:Infinity":17,"s:100:23:100:Infinity":18,"s:102:31:102:Infinity":19,"s:104:6:127:Infinity":20,"b:105:8:126:Infinity:undefined:undefined:undefined:undefined":2,"s:105:8:126:Infinity":21,"s:106:29:106:Infinity":22,"s:107:28:107:Infinity":23,"b:110:10:112:Infinity:undefined:undefined:undefined:undefined":3,"s:110:10:112:Infinity":24,"s:111:12:111:Infinity":25,"s:113:10:113:Infinity":26,"s:116:24:116:Infinity":27,"s:118:10:125:Infinity":28,"s:130:27:130:Infinity":29,"b:130:52:130:68:130:68:130:Infinity":4,"s:131:6:131:Infinity":30,"s:133:6:136:Infinity":31,"s:139:4:139:Infinity":32,"f:145:10:145:29":4,"s:146:28:146:Infinity":33,"b:149:4:168:Infinity:undefined:undefined:undefined:undefined":5,"s:149:4:168:Infinity":34,"s:150:26:150:Infinity":35,"s:155:20:155:Infinity":36,"s:156:23:156:Infinity":37,"s:158:6:162:Infinity":38,"b:159:8:161:Infinity:undefined:undefined:undefined:undefined":6,"s:159:8:161:Infinity":39,"b:159:12:159:39:159:39:159:84":7,"s:160:10:160:Infinity":40,"b:165:6:167:Infinity:undefined:undefined:undefined:undefined":8,"s:165:6:167:Infinity":41,"s:166:8:166:Infinity":42,"s:170:4:170:Infinity":43,"f:185:10:185:25":5,"s:186:34:186:Infinity":44,"s:188:4:260:Infinity":45,"s:190:21:190:Infinity":46,"b:193:6:195:Infinity:undefined:undefined:undefined:undefined":9,"s:193:6:195:Infinity":47,"s:194:8:194:Infinity":48,"s:198:6:198:Infinity":49,"s:200:6:250:Infinity":50,"s:201:21:201:Infinity":51,"b:203:8:249:Infinity:216:8:249:Infinity":10,"s:203:8:249:Infinity":52,"s:204:23:204:Infinity":53,"b:205:10:215:Infinity:undefined:undefined:undefined:undefined":11,"s:205:10:215:Infinity":54,"b:205:14:205:22:205:22:205:45":12,"s:206:12:214:Infinity":55,"b:216:8:249:Infinity:229:8:249:Infinity":13,"s:216:8:249:Infinity":56,"s:217:23:217:Infinity":57,"b:218:10:228:Infinity:undefined:undefined:undefined:undefined":14,"s:218:10:228:Infinity":58,"b:218:14:218:22:218:22:218:45":15,"s:219:12:227:Infinity":59,"b:229:8:249:Infinity:undefined:undefined:undefined:undefined":16,"s:229:8:249:Infinity":60,"s:231:29:231:Infinity":61,"b:232:10:248:Infinity:undefined:undefined:undefined:undefined":17,"s:232:10:248:Infinity":62,"b:232:14:232:28:232:28:232:62":18,"s:233:25:233:Infinity":63,"b:234:12:247:Infinity:undefined:undefined:undefined:undefined":19,"s:234:12:247:Infinity":64,"b:234:16:234:24:234:24:234:52":20,"s:235:27:235:Infinity":65,"b:236:14:246:Infinity:undefined:undefined:undefined:undefined":21,"s:236:14:246:Infinity":66,"s:237:16:245:Infinity":67,"s:253:27:253:Infinity":68,"b:253:52:253:68:253:68:253:Infinity":22,"s:254:6:254:Infinity":69,"s:256:6:259:Infinity":70,"s:262:4:262:Infinity":71,"f:268:10:268:30":6,"s:269:21:269:Infinity":72,"s:270:4:270:Infinity":73,"b:270:22:270:38:270:38:270:Infinity":23,"f:276:10:276:27":7,"s:277:21:277:Infinity":74,"s:278:4:278:Infinity":75,"b:278:22:278:38:278:38:278:Infinity":24}}}
,"/Users/junwoobang/project/mdoc-tools/src/parsers/QueryCache.ts": {"path":"/Users/junwoobang/project/mdoc-tools/src/parsers/QueryCache.ts","statementMap":{"0":{"start":{"line":10,"column":18},"end":{"line":10,"column":null}},"1":{"start":{"line":11,"column":21},"end":{"line":11,"column":null}},"2":{"start":{"line":12,"column":22},"end":{"line":12,"column":null}},"3":{"start":{"line":18,"column":16},"end":{"line":18,"column":null}},"4":{"start":{"line":20,"column":4},"end":{"line":23,"column":null}},"5":{"start":{"line":21,"column":6},"end":{"line":21,"column":null}},"6":{"start":{"line":22,"column":6},"end":{"line":22,"column":null}},"7":{"start":{"line":25,"column":4},"end":{"line":25,"column":null}},"8":{"start":{"line":26,"column":18},"end":{"line":26,"column":null}},"9":{"start":{"line":27,"column":4},"end":{"line":27,"column":null}},"10":{"start":{"line":29,"column":4},"end":{"line":29,"column":null}},"11":{"start":{"line":36,"column":18},"end":{"line":36,"column":null}},"12":{"start":{"line":37,"column":20},"end":{"line":37,"column":null}},"13":{"start":{"line":39,"column":4},"end":{"line":45,"column":null}},"14":{"start":{"line":52,"column":4},"end":{"line":52,"column":null}},"15":{"start":{"line":53,"column":4},"end":{"line":53,"column":null}},"16":{"start":{"line":54,"column":4},"end":{"line":54,"column":null}},"17":{"start":{"line":61,"column":16},"end":{"line":61,"column":null}},"18":{"start":{"line":62,"column":4},"end":{"line":62,"column":null}},"19":{"start":{"line":70,"column":10},"end":{"line":73,"column":null}},"20":{"start":{"line":76,"column":23},"end":{"line":76,"column":null}},"21":{"start":{"line":78,"column":4},"end":{"line":78,"column":null}},"22":{"start":{"line":83,"column":37},"end":{"line":83,"column":null}},"23":{"start":{"line":86,"column":2},"end":{"line":88,"column":null}},"24":{"start":{"line":87,"column":4},"end":{"line":87,"column":null}},"25":{"start":{"line":89,"column":2},"end":{"line":89,"column":null}},"26":{"start":{"line":93,"column":2},"end":{"line":93,"column":null}}},"fnMap":{"0":{"name":"(anonymous_0)","decl":{"start":{"line":17,"column":2},"end":{"line":17,"column":11}},"loc":{"start":{"line":17,"column":73},"end":{"line":30,"column":null}},"line":17},"1":{"name":"(anonymous_1)","decl":{"start":{"line":35,"column":2},"end":{"line":35,"column":13}},"loc":{"start":{"line":35,"column":13},"end":{"line":46,"column":null}},"line":35},"2":{"name":"(anonymous_2)","decl":{"start":{"line":51,"column":2},"end":{"line":51,"column":16}},"loc":{"start":{"line":51,"column":16},"end":{"line":55,"column":null}},"line":51},"3":{"name":"(anonymous_3)","decl":{"start":{"line":60,"column":2},"end":{"line":60,"column":9}},"loc":{"start":{"line":60,"column":66},"end":{"line":63,"column":null}},"line":60},"4":{"name":"(anonymous_4)","decl":{"start":{"line":65,"column":10},"end":{"line":65,"column":null}},"loc":{"start":{"line":68,"column":12},"end":{"line":79,"column":null}},"line":68},"5":{"name":"getGlobalQueryCache","decl":{"start":{"line":85,"column":16},"end":{"line":85,"column":50}},"loc":{"start":{"line":85,"column":50},"end":{"line":90,"column":null}},"line":85},"6":{"name":"resetGlobalQueryCache","decl":{"start":{"line":92,"column":16},"end":{"line":92,"column":46}},"loc":{"start":{"line":92,"column":46},"end":{"line":94,"column":null}},"line":92}},"branchMap":{"0":{"loc":{"start":{"line":20,"column":4},"end":{"line":23,"column":null}},"type":"if","locations":[{"start":{"line":20,"column":4},"end":{"line":23,"column":null}},{"start":{},"end":{}}],"line":20},"1":{"loc":{"start":{"line":37,"column":20},"end":{"line":37,"column":null}},"type":"cond-expr","locations":[{"start":{"line":37,"column":34},"end":{"line":37,"column":39}},{"start":{"line":37,"column":39},"end":{"line":37,"column":null}}],"line":37},"2":{"loc":{"start":{"line":86,"column":2},"end":{"line":88,"column":null}},"type":"if","locations":[{"start":{"line":86,"column":2},"end":{"line":88,"column":null}},{"start":{},"end":{}}],"line":86}},"s":{"0":5,"1":5,"2":5,"3":7,"4":7,"5":3,"6":3,"7":4,"8":4,"9":4,"10":4,"11":2,"12":2,"13":2,"14":1,"15":1,"16":1,"17":0,"18":0,"19":7,"20":7,"21":7,"22":1,"23":2,"24":1,"25":2,"26":1},"f":{"0":7,"1":2,"2":1,"3":0,"4":7,"5":2,"6":1},"b":{"0":[3,4],"1":[1,1],"2":[1,1]},"meta":{"lastBranch":3,"lastFunction":7,"lastStatement":27,"seen":{"s:10:18:10:Infinity":0,"s:11:21:11:Infinity":1,"s:12:22:12:Infinity":2,"f:17:2:17:11":0,"s:18:16:18:Infinity":3,"b:20:4:23:Infinity:undefined:undefined:undefined:undefined":0,"s:20:4:23:Infinity":4,"s:21:6:21:Infinity":5,"s:22:6:22:Infinity":6,"s:25:4:25:Infinity":7,"s:26:18:26:Infinity":8,"s:27:4:27:Infinity":9,"s:29:4:29:Infinity":10,"f:35:2:35:13":1,"s:36:18:36:Infinity":11,"s:37:20:37:Infinity":12,"b:37:34:37:39:37:39:37:Infinity":1,"s:39:4:45:Infinity":13,"f:51:2:51:16":2,"s:52:4:52:Infinity":14,"s:53:4:53:Infinity":15,"s:54:4:54:Infinity":16,"f:60:2:60:9":3,"s:61:16:61:Infinity":17,"s:62:4:62:Infinity":18,"f:65:10:65:Infinity":4,"s:70:10:73:Infinity":19,"s:76:23:76:Infinity":20,"s:78:4:78:Infinity":21,"s:83:37:83:Infinity":22,"f:85:16:85:50":5,"b:86:2:88:Infinity:undefined:undefined:undefined:undefined":2,"s:86:2:88:Infinity":23,"s:87:4:87:Infinity":24,"s:89:2:89:Infinity":25,"f:92:16:92:46":6,"s:93:2:93:Infinity":26}}}
,"/Users/junwoobang/project/mdoc-tools/src/parsers/TermParser.ts": {"path":"/Users/junwoobang/project/mdoc-tools/src/parsers/TermParser.ts","statementMap":{"0":{"start":{"line":18,"column":42},"end":{"line":18,"column":null}},"1":{"start":{"line":21,"column":27},"end":{"line":21,"column":null}},"2":{"start":{"line":23,"column":18},"end":{"line":23,"column":null}},"3":{"start":{"line":26,"column":28},"end":{"line":26,"column":null}},"4":{"start":{"line":30,"column":4},"end":{"line":61,"column":null}},"5":{"start":{"line":31,"column":22},"end":{"line":31,"column":null}},"6":{"start":{"line":32,"column":20},"end":{"line":32,"column":null}},"7":{"start":{"line":33,"column":19},"end":{"line":33,"column":null}},"8":{"start":{"line":34,"column":19},"end":{"line":34,"column":null}},"9":{"start":{"line":37,"column":6},"end":{"line":39,"column":null}},"10":{"start":{"line":38,"column":8},"end":{"line":38,"column":null}},"11":{"start":{"line":42,"column":26},"end":{"line":45,"column":null}},"12":{"start":{"line":47,"column":23},"end":{"line":47,"column":null}},"13":{"start":{"line":47,"column":50},"end":{"line":47,"column":69}},"14":{"start":{"line":48,"column":20},"end":{"line":48,"column":null}},"15":{"start":{"line":51,"column":23},"end":{"line":51,"column":null}},"16":{"start":{"line":53,"column":6},"end":{"line":60,"column":null}},"17":{"start":{"line":63,"column":4},"end":{"line":63,"column":null}},"18":{"start":{"line":75,"column":46},"end":{"line":75,"column":null}},"19":{"start":{"line":78,"column":23},"end":{"line":78,"column":null}},"20":{"start":{"line":79,"column":21},"end":{"line":79,"column":null}},"21":{"start":{"line":81,"column":4},"end":{"line":87,"column":null}},"22":{"start":{"line":81,"column":17},"end":{"line":81,"column":31}},"23":{"start":{"line":82,"column":6},"end":{"line":85,"column":null}},"24":{"start":{"line":83,"column":8},"end":{"line":83,"column":null}},"25":{"start":{"line":84,"column":8},"end":{"line":84,"column":null}},"26":{"start":{"line":86,"column":6},"end":{"line":86,"column":null}},"27":{"start":{"line":89,"column":20},"end":{"line":89,"column":null}},"28":{"start":{"line":92,"column":22},"end":{"line":92,"column":null}},"29":{"start":{"line":93,"column":4},"end":{"line":95,"column":null}},"30":{"start":{"line":94,"column":6},"end":{"line":94,"column":null}},"31":{"start":{"line":97,"column":25},"end":{"line":97,"column":null}},"32":{"start":{"line":98,"column":4},"end":{"line":103,"column":null}},"33":{"start":{"line":99,"column":6},"end":{"line":102,"column":null}},"34":{"start":{"line":101,"column":20},"end":{"line":101,"column":28}},"35":{"start":{"line":102,"column":23},"end":{"line":102,"column":35}},"36":{"start":{"line":105,"column":25},"end":{"line":105,"column":null}},"37":{"start":{"line":106,"column":4},"end":{"line":115,"column":null}},"38":{"start":{"line":108,"column":37},"end":{"line":108,"column":null}},"39":{"start":{"line":109,"column":26},"end":{"line":109,"column":null}},"40":{"start":{"line":111,"column":6},"end":{"line":113,"column":null}},"41":{"start":{"line":112,"column":8},"end":{"line":112,"column":null}},"42":{"start":{"line":114,"column":6},"end":{"line":114,"column":null}},"43":{"start":{"line":117,"column":30},"end":{"line":117,"column":null}},"44":{"start":{"line":118,"column":4},"end":{"line":120,"column":null}},"45":{"start":{"line":119,"column":6},"end":{"line":119,"column":null}},"46":{"start":{"line":122,"column":24},"end":{"line":122,"column":null}},"47":{"start":{"line":123,"column":4},"end":{"line":125,"column":null}},"48":{"start":{"line":124,"column":6},"end":{"line":124,"column":null}},"49":{"start":{"line":128,"column":25},"end":{"line":128,"column":null}},"50":{"start":{"line":129,"column":36},"end":{"line":129,"column":null}},"51":{"start":{"line":130,"column":21},"end":{"line":130,"column":null}},"52":{"start":{"line":132,"column":4},"end":{"line":171,"column":null}},"53":{"start":{"line":133,"column":22},"end":{"line":133,"column":null}},"54":{"start":{"line":136,"column":6},"end":{"line":141,"column":null}},"55":{"start":{"line":137,"column":8},"end":{"line":139,"column":null}},"56":{"start":{"line":138,"column":10},"end":{"line":138,"column":null}},"57":{"start":{"line":140,"column":8},"end":{"line":140,"column":null}},"58":{"start":{"line":144,"column":6},"end":{"line":146,"column":null}},"59":{"start":{"line":145,"column":8},"end":{"line":145,"column":null}},"60":{"start":{"line":149,"column":6},"end":{"line":151,"column":null}},"61":{"start":{"line":150,"column":8},"end":{"line":150,"column":null}},"62":{"start":{"line":154,"column":6},"end":{"line":170,"column":null}},"63":{"start":{"line":155,"column":8},"end":{"line":155,"column":null}},"64":{"start":{"line":158,"column":8},"end":{"line":169,"column":null}},"65":{"start":{"line":160,"column":32},"end":{"line":160,"column":null}},"66":{"start":{"line":161,"column":10},"end":{"line":168,"column":null}},"67":{"start":{"line":167,"column":12},"end":{"line":167,"column":null}},"68":{"start":{"line":173,"column":4},"end":{"line":175,"column":null}},"69":{"start":{"line":174,"column":6},"end":{"line":174,"column":null}},"70":{"start":{"line":177,"column":4},"end":{"line":177,"column":null}},"71":{"start":{"line":185,"column":40},"end":{"line":185,"column":null}},"72":{"start":{"line":186,"column":18},"end":{"line":186,"column":null}},"73":{"start":{"line":189,"column":28},"end":{"line":189,"column":null}},"74":{"start":{"line":191,"column":4},"end":{"line":219,"column":null}},"75":{"start":{"line":191,"column":17},"end":{"line":191,"column":20}},"76":{"start":{"line":192,"column":19},"end":{"line":192,"column":null}},"77":{"start":{"line":195,"column":6},"end":{"line":197,"column":null}},"78":{"start":{"line":196,"column":8},"end":{"line":196,"column":null}},"79":{"start":{"line":200,"column":6},"end":{"line":202,"column":null}},"80":{"start":{"line":201,"column":8},"end":{"line":201,"column":null}},"81":{"start":{"line":205,"column":30},"end":{"line":205,"column":null}},"82":{"start":{"line":208,"column":22},"end":{"line":208,"column":null}},"83":{"start":{"line":211,"column":6},"end":{"line":218,"column":null}},"84":{"start":{"line":212,"column":8},"end":{"line":217,"column":null}},"85":{"start":{"line":221,"column":4},"end":{"line":221,"column":null}},"86":{"start":{"line":228,"column":44},"end":{"line":228,"column":null}},"87":{"start":{"line":229,"column":22},"end":{"line":229,"column":null}},"88":{"start":{"line":230,"column":24},"end":{"line":230,"column":null}},"89":{"start":{"line":231,"column":21},"end":{"line":231,"column":null}},"90":{"start":{"line":233,"column":4},"end":{"line":262,"column":null}},"91":{"start":{"line":233,"column":17},"end":{"line":233,"column":20}},"92":{"start":{"line":234,"column":19},"end":{"line":234,"column":null}},"93":{"start":{"line":237,"column":6},"end":{"line":248,"column":null}},"94":{"start":{"line":238,"column":8},"end":{"line":246,"column":null}},"95":{"start":{"line":240,"column":10},"end":{"line":240,"column":null}},"96":{"start":{"line":241,"column":10},"end":{"line":241,"column":null}},"97":{"start":{"line":244,"column":10},"end":{"line":244,"column":null}},"98":{"start":{"line":245,"column":10},"end":{"line":245,"column":null}},"99":{"start":{"line":247,"column":8},"end":{"line":247,"column":null}},"100":{"start":{"line":251,"column":6},"end":{"line":261,"column":null}},"101":{"start":{"line":252,"column":8},"end":{"line":260,"column":null}},"102":{"start":{"line":254,"column":10},"end":{"line":254,"column":null}},"103":{"start":{"line":255,"column":10},"end":{"line":255,"column":null}},"104":{"start":{"line":258,"column":10},"end":{"line":258,"column":null}},"105":{"start":{"line":259,"column":10},"end":{"line":259,"column":null}},"106":{"start":{"line":265,"column":4},"end":{"line":267,"column":null}},"107":{"start":{"line":266,"column":6},"end":{"line":266,"column":null}},"108":{"start":{"line":269,"column":4},"end":{"line":269,"column":null}},"109":{"start":{"line":279,"column":4},"end":{"line":283,"column":null}},"110":{"start":{"line":280,"column":6},"end":{"line":282,"column":null}},"111":{"start":{"line":281,"column":8},"end":{"line":281,"column":null}},"112":{"start":{"line":284,"column":4},"end":{"line":284,"column":null}},"113":{"start":{"line":293,"column":4},"end":{"line":293,"column":null}},"114":{"start":{"line":300,"column":4},"end":{"line":300,"column":null}}},"fnMap":{"0":{"name":"(anonymous_0)","decl":{"start":{"line":13,"column":9},"end":{"line":13,"column":null}},"loc":{"start":{"line":17,"column":22},"end":{"line":64,"column":null}},"line":17},"1":{"name":"(anonymous_1)","decl":{"start":{"line":47,"column":40},"end":{"line":47,"column":41}},"loc":{"start":{"line":47,"column":50},"end":{"line":47,"column":69}},"line":47},"2":{"name":"(anonymous_2)","decl":{"start":{"line":69,"column":17},"end":{"line":69,"column":null}},"loc":{"start":{"line":74,"column":29},"end":{"line":178,"column":null}},"line":74},"3":{"name":"(anonymous_3)","decl":{"start":{"line":101,"column":13},"end":{"line":101,"column":14}},"loc":{"start":{"line":101,"column":20},"end":{"line":101,"column":28}},"line":101},"4":{"name":"(anonymous_4)","decl":{"start":{"line":102,"column":16},"end":{"line":102,"column":17}},"loc":{"start":{"line":102,"column":23},"end":{"line":102,"column":35}},"line":102},"5":{"name":"(anonymous_5)","decl":{"start":{"line":184,"column":9},"end":{"line":184,"column":27}},"loc":{"start":{"line":184,"column":76},"end":{"line":222,"column":null}},"line":184},"6":{"name":"(anonymous_6)","decl":{"start":{"line":227,"column":17},"end":{"line":227,"column":37}},"loc":{"start":{"line":227,"column":79},"end":{"line":270,"column":null}},"line":227},"7":{"name":"(anonymous_7)","decl":{"start":{"line":275,"column":17},"end":{"line":275,"column":null}},"loc":{"start":{"line":278,"column":13},"end":{"line":285,"column":null}},"line":278},"8":{"name":"(anonymous_8)","decl":{"start":{"line":291,"column":17},"end":{"line":291,"column":34}},"loc":{"start":{"line":291,"column":56},"end":{"line":294,"column":null}},"line":291},"9":{"name":"(anonymous_9)","decl":{"start":{"line":299,"column":9},"end":{"line":299,"column":20}},"loc":{"start":{"line":299,"column":43},"end":{"line":301,"column":null}},"line":299}},"branchMap":{"0":{"loc":{"start":{"line":37,"column":6},"end":{"line":39,"column":null}},"type":"if","locations":[{"start":{"line":37,"column":6},"end":{"line":39,"column":null}},{"start":{},"end":{}}],"line":37},"1":{"loc":{"start":{"line":42,"column":26},"end":{"line":45,"column":null}},"type":"binary-expr","locations":[{"start":{"line":42,"column":26},"end":{"line":42,"column":67}},{"start":{"line":42,"column":67},"end":{"line":45,"column":null}}],"line":42},"2":{"loc":{"start":{"line":48,"column":20},"end":{"line":48,"column":null}},"type":"cond-expr","locations":[{"start":{"line":48,"column":31},"end":{"line":48,"column":42}},{"start":{"line":48,"column":42},"end":{"line":48,"column":null}}],"line":48},"3":{"loc":{"start":{"line":82,"column":6},"end":{"line":85,"column":null}},"type":"if","locations":[{"start":{"line":82,"column":6},"end":{"line":85,"column":null}},{"start":{},"end":{}}],"line":82},"4":{"loc":{"start":{"line":93,"column":4},"end":{"line":95,"column":null}},"type":"if","locations":[{"start":{"line":93,"column":4},"end":{"line":95,"column":null}},{"start":{},"end":{}}],"line":93},"5":{"loc":{"start":{"line":98,"column":4},"end":{"line":103,"column":null}},"type":"if","locations":[{"start":{"line":98,"column":4},"end":{"line":103,"column":null}},{"start":{},"end":{}}],"line":98},"6":{"loc":{"start":{"line":106,"column":4},"end":{"line":115,"column":null}},"type":"if","locations":[{"start":{"line":106,"column":4},"end":{"line":115,"column":null}},{"start":{},"end":{}}],"line":106},"7":{"loc":{"start":{"line":118,"column":4},"end":{"line":120,"column":null}},"type":"if","locations":[{"start":{"line":118,"column":4},"end":{"line":120,"column":null}},{"start":{},"end":{}}],"line":118},"8":{"loc":{"start":{"line":123,"column":4},"end":{"line":125,"column":null}},"type":"if","locations":[{"start":{"line":123,"column":4},"end":{"line":125,"column":null}},{"start":{},"end":{}}],"line":123},"9":{"loc":{"start":{"line":136,"column":6},"end":{"line":141,"column":null}},"type":"if","locations":[{"start":{"line":136,"column":6},"end":{"line":141,"column":null}},{"start":{},"end":{}}],"line":136},"10":{"loc":{"start":{"line":137,"column":8},"end":{"line":139,"column":null}},"type":"if","locations":[{"start":{"line":137,"column":8},"end":{"line":139,"column":null}},{"start":{},"end":{}}],"line":137},"11":{"loc":{"start":{"line":144,"column":6},"end":{"line":146,"column":null}},"type":"if","locations":[{"start":{"line":144,"column":6},"end":{"line":146,"column":null}},{"start":{},"end":{}}],"line":144},"12":{"loc":{"start":{"line":149,"column":6},"end":{"line":151,"column":null}},"type":"if","locations":[{"start":{"line":149,"column":6},"end":{"line":151,"column":null}},{"start":{},"end":{}}],"line":149},"13":{"loc":{"start":{"line":149,"column":10},"end":{"line":149,"column":66}},"type":"binary-expr","locations":[{"start":{"line":149,"column":10},"end":{"line":149,"column":39}},{"start":{"line":149,"column":39},"end":{"line":149,"column":66}}],"line":149},"14":{"loc":{"start":{"line":154,"column":6},"end":{"line":170,"column":null}},"type":"if","locations":[{"start":{"line":154,"column":6},"end":{"line":170,"column":null}},{"start":{},"end":{}}],"line":154},"15":{"loc":{"start":{"line":158,"column":8},"end":{"line":169,"column":null}},"type":"if","locations":[{"start":{"line":158,"column":8},"end":{"line":169,"column":null}},{"start":{},"end":{}}],"line":158},"16":{"loc":{"start":{"line":161,"column":10},"end":{"line":168,"column":null}},"type":"if","locations":[{"start":{"line":161,"column":10},"end":{"line":168,"column":null}},{"start":{},"end":{}}],"line":161},"17":{"loc":{"start":{"line":162,"column":12},"end":{"line":165,"column":null}},"type":"binary-expr","locations":[{"start":{"line":162,"column":12},"end":{"line":162,"column":null}},{"start":{"line":163,"column":13},"end":{"line":163,"column":null}},{"start":{"line":164,"column":14},"end":{"line":164,"column":null}},{"start":{"line":165,"column":14},"end":{"line":165,"column":null}}],"line":162},"18":{"loc":{"start":{"line":173,"column":4},"end":{"line":175,"column":null}},"type":"if","locations":[{"start":{"line":173,"column":4},"end":{"line":175,"column":null}},{"start":{},"end":{}}],"line":173},"19":{"loc":{"start":{"line":195,"column":6},"end":{"line":197,"column":null}},"type":"if","locations":[{"start":{"line":195,"column":6},"end":{"line":197,"column":null}},{"start":{},"end":{}}],"line":195},"20":{"loc":{"start":{"line":200,"column":6},"end":{"line":202,"column":null}},"type":"if","locations":[{"start":{"line":200,"column":6},"end":{"line":202,"column":null}},{"start":{},"end":{}}],"line":200},"21":{"loc":{"start":{"line":237,"column":6},"end":{"line":248,"column":null}},"type":"if","locations":[{"start":{"line":237,"column":6},"end":{"line":248,"column":null}},{"start":{},"end":{}}],"line":237},"22":{"loc":{"start":{"line":238,"column":8},"end":{"line":246,"column":null}},"type":"if","locations":[{"start":{"line":238,"column":8},"end":{"line":246,"column":null}},{"start":{"line":242,"column":15},"end":{"line":246,"column":null}}],"line":238},"23":{"loc":{"start":{"line":238,"column":12},"end":{"line":238,"column":39}},"type":"binary-expr","locations":[{"start":{"line":238,"column":12},"end":{"line":238,"column":23}},{"start":{"line":238,"column":23},"end":{"line":238,"column":39}}],"line":238},"24":{"loc":{"start":{"line":251,"column":6},"end":{"line":261,"column":null}},"type":"if","locations":[{"start":{"line":251,"column":6},"end":{"line":261,"column":null}},{"start":{},"end":{}}],"line":251},"25":{"loc":{"start":{"line":252,"column":8},"end":{"line":260,"column":null}},"type":"if","locations":[{"start":{"line":252,"column":8},"end":{"line":260,"column":null}},{"start":{"line":256,"column":15},"end":{"line":260,"column":null}}],"line":252},"26":{"loc":{"start":{"line":265,"column":4},"end":{"line":267,"column":null}},"type":"if","locations":[{"start":{"line":265,"column":4},"end":{"line":267,"column":null}},{"start":{},"end":{}}],"line":265},"27":{"loc":{"start":{"line":265,"column":8},"end":{"line":265,"column":42}},"type":"binary-expr","locations":[{"start":{"line":265,"column":8},"end":{"line":265,"column":23}},{"start":{"line":265,"column":23},"end":{"line":265,"column":42}}],"line":265},"28":{"loc":{"start":{"line":280,"column":6},"end":{"line":282,"column":null}},"type":"if","locations":[{"start":{"line":280,"column":6},"end":{"line":282,"column":null}},{"start":{},"end":{}}],"line":280},"29":{"loc":{"start":{"line":280,"column":10},"end":{"line":280,"column":52}},"type":"binary-expr","locations":[{"start":{"line":280,"column":10},"end":{"line":280,"column":33}},{"start":{"line":280,"column":33},"end":{"line":280,"column":52}}],"line":280}},"s":{"0":664,"1":664,"2":664,"3":664,"4":664,"5":656,"6":656,"7":656,"8":656,"9":656,"10":408,"11":248,"12":656,"13":552,"14":656,"15":656,"16":656,"17":664,"18":248,"19":248,"20":248,"21":248,"22":248,"23":4816,"24":56,"25":56,"26":4760,"27":248,"28":248,"29":248,"30":240,"31":248,"32":248,"33":192,"34":248,"35":248,"36":248,"37":248,"38":184,"39":184,"40":184,"41":328,"42":184,"43":248,"44":248,"45":24,"46":248,"47":248,"48":16,"49":248,"50":248,"51":248,"52":248,"53":1712,"54":1712,"55":488,"56":248,"57":488,"58":1224,"59":1024,"60":200,"61":8,"62":192,"63":192,"64":192,"65":192,"66":192,"67":184,"68":248,"69":192,"70":248,"71":672,"72":672,"73":672,"74":672,"75":672,"76":195680,"77":195680,"78":888,"79":194792,"80":112600,"81":82192,"82":82192,"83":82192,"84":1280,"85":672,"86":1336,"87":1336,"88":1336,"89":1336,"90":1336,"91":1336,"92":375008,"93":375008,"94":6040,"95":3128,"96":3128,"97":2912,"98":2912,"99":6040,"100":368968,"101":29136,"102":14584,"103":14584,"104":14552,"105":14552,"106":1336,"107":32,"108":1336,"109":195448,"110":4887360,"111":113008,"112":82440,"113":82192,"114":0},"f":{"0":1,"1":552,"2":1,"3":248,"4":248,"5":1,"6":1,"7":1,"8":1,"9":1},"b":{"0":[408,248],"1":[248,0],"2":[248,0],"3":[56,4760],"4":[240,8],"5":[192,56],"6":[184,64],"7":[24,224],"8":[16,232],"9":[488,1224],"10":[248,240],"11":[1024,200],"12":[8,192],"13":[200,192],"14":[192,0],"15":[192,0],"16":[184,8],"17":[192,192,8,8],"18":[192,56],"19":[888,194792],"20":[112600,82192],"21":[6040,368968],"22":[3128,2912],"23":[6040,5432],"24":[29136,339832],"25":[14584,14552],"26":[32,1304],"27":[1336,32],"28":[113008,4774352],"29":[4887360,3585760]},"meta":{"lastBranch":30,"lastFunction":10,"lastStatement":115,"seen":{"f:13:9:13:Infinity":0,"s:18:42:18:Infinity":0,"s:21:27:21:Infinity":1,"s:23:18:23:Infinity":2,"s:26:28:26:Infinity":3,"s:30:4:61:Infinity":4,"s:31:22:31:Infinity":5,"s:32:20:32:Infinity":6,"s:33:19:33:Infinity":7,"s:34:19:34:Infinity":8,"b:37:6:39:Infinity:undefined:undefined:undefined:undefined":0,"s:37:6:39:Infinity":9,"s:38:8:38:Infinity":10,"s:42:26:45:Infinity":11,"b:42:26:42:67:42:67:45:Infinity":1,"s:47:23:47:Infinity":12,"f:47:40:47:41":1,"s:47:50:47:69":13,"s:48:20:48:Infinity":14,"b:48:31:48:42:48:42:48:Infinity":2,"s:51:23:51:Infinity":15,"s:53:6:60:Infinity":16,"s:63:4:63:Infinity":17,"f:69:17:69:Infinity":2,"s:75:46:75:Infinity":18,"s:78:23:78:Infinity":19,"s:79:21:79:Infinity":20,"s:81:4:87:Infinity":21,"s:81:17:81:31":22,"b:82:6:85:Infinity:undefined:undefined:undefined:undefined":3,"s:82:6:85:Infinity":23,"s:83:8:83:Infinity":24,"s:84:8:84:Infinity":25,"s:86:6:86:Infinity":26,"s:89:20:89:Infinity":27,"s:92:22:92:Infinity":28,"b:93:4:95:Infinity:undefined:undefined:undefined:undefined":4,"s:93:4:95:Infinity":29,"s:94:6:94:Infinity":30,"s:97:25:97:Infinity":31,"b:98:4:103:Infinity:undefined:undefined:undefined:undefined":5,"s:98:4:103:Infinity":32,"s:99:6:102:Infinity":33,"f:101:13:101:14":3,"s:101:20:101:28":34,"f:102:16:102:17":4,"s:102:23:102:35":35,"s:105:25:105:Infinity":36,"b:106:4:115:Infinity:undefined:undefined:undefined:undefined":6,"s:106:4:115:Infinity":37,"s:108:37:108:Infinity":38,"s:109:26:109:Infinity":39,"s:111:6:113:Infinity":40,"s:112:8:112:Infinity":41,"s:114:6:114:Infinity":42,"s:117:30:117:Infinity":43,"b:118:4:120:Infinity:undefined:undefined:undefined:undefined":7,"s:118:4:120:Infinity":44,"s:119:6:119:Infinity":45,"s:122:24:122:Infinity":46,"b:123:4:125:Infinity:undefined:undefined:undefined:undefined":8,"s:123:4:125:Infinity":47,"s:124:6:124:Infinity":48,"s:128:25:128:Infinity":49,"s:129:36:129:Infinity":50,"s:130:21:130:Infinity":51,"s:132:4:171:Infinity":52,"s:133:22:133:Infinity":53,"b:136:6:141:Infinity:undefined:undefined:undefined:undefined":9,"s:136:6:141:Infinity":54,"b:137:8:139:Infinity:undefined:undefined:undefined:undefined":10,"s:137:8:139:Infinity":55,"s:138:10:138:Infinity":56,"s:140:8:140:Infinity":57,"b:144:6:146:Infinity:undefined:undefined:undefined:undefined":11,"s:144:6:146:Infinity":58,"s:145:8:145:Infinity":59,"b:149:6:151:Infinity:undefined:undefined:undefined:undefined":12,"s:149:6:151:Infinity":60,"b:149:10:149:39:149:39:149:66":13,"s:150:8:150:Infinity":61,"b:154:6:170:Infinity:undefined:undefined:undefined:undefined":14,"s:154:6:170:Infinity":62,"s:155:8:155:Infinity":63,"b:158:8:169:Infinity:undefined:undefined:undefined:undefined":15,"s:158:8:169:Infinity":64,"s:160:32:160:Infinity":65,"b:161:10:168:Infinity:undefined:undefined:undefined:undefined":16,"s:161:10:168:Infinity":66,"b:162:12:162:Infinity:163:13:163:Infinity:164:14:164:Infinity:165:14:165:Infinity":17,"s:167:12:167:Infinity":67,"b:173:4:175:Infinity:undefined:undefined:undefined:undefined":18,"s:173:4:175:Infinity":68,"s:174:6:174:Infinity":69,"s:177:4:177:Infinity":70,"f:184:9:184:27":5,"s:185:40:185:Infinity":71,"s:186:18:186:Infinity":72,"s:189:28:189:Infinity":73,"s:191:4:219:Infinity":74,"s:191:17:191:20":75,"s:192:19:192:Infinity":76,"b:195:6:197:Infinity:undefined:undefined:undefined:undefined":19,"s:195:6:197:Infinity":77,"s:196:8:196:Infinity":78,"b:200:6:202:Infinity:undefined:undefined:undefined:undefined":20,"s:200:6:202:Infinity":79,"s:201:8:201:Infinity":80,"s:205:30:205:Infinity":81,"s:208:22:208:Infinity":82,"s:211:6:218:Infinity":83,"s:212:8:217:Infinity":84,"s:221:4:221:Infinity":85,"f:227:17:227:37":6,"s:228:44:228:Infinity":86,"s:229:22:229:Infinity":87,"s:230:24:230:Infinity":88,"s:231:21:231:Infinity":89,"s:233:4:262:Infinity":90,"s:233:17:233:20":91,"s:234:19:234:Infinity":92,"b:237:6:248:Infinity:undefined:undefined:undefined:undefined":21,"s:237:6:248:Infinity":93,"b:238:8:246:Infinity:242:15:246:Infinity":22,"s:238:8:246:Infinity":94,"b:238:12:238:23:238:23:238:39":23,"s:240:10:240:Infinity":95,"s:241:10:241:Infinity":96,"s:244:10:244:Infinity":97,"s:245:10:245:Infinity":98,"s:247:8:247:Infinity":99,"b:251:6:261:Infinity:undefined:undefined:undefined:undefined":24,"s:251:6:261:Infinity":100,"b:252:8:260:Infinity:256:15:260:Infinity":25,"s:252:8:260:Infinity":101,"s:254:10:254:Infinity":102,"s:255:10:255:Infinity":103,"s:258:10:258:Infinity":104,"s:259:10:259:Infinity":105,"b:265:4:267:Infinity:undefined:undefined:undefined:undefined":26,"s:265:4:267:Infinity":106,"b:265:8:265:23:265:23:265:42":27,"s:266:6:266:Infinity":107,"s:269:4:269:Infinity":108,"f:275:17:275:Infinity":7,"s:279:4:283:Infinity":109,"b:280:6:282:Infinity:undefined:undefined:undefined:undefined":28,"s:280:6:282:Infinity":110,"b:280:10:280:33:280:33:280:52":29,"s:281:8:281:Infinity":111,"s:284:4:284:Infinity":112,"f:291:17:291:34":8,"s:293:4:293:Infinity":113,"f:299:9:299:20":9,"s:300:4:300:Infinity":114}}}
,"/Users/junwoobang/project/mdoc-tools/src/parsers/TypeScriptParser.ts": {"path":"/Users/junwoobang/project/mdoc-tools/src/parsers/TypeScriptParser.ts","statementMap":{"0":{"start":{"line":6,"column":33},"end":{"line":6,"column":null}},"1":{"start":{"line":7,"column":26},"end":{"line":7,"column":null}},"2":{"start":{"line":13,"column":4},"end":{"line":13,"column":null}},"3":{"start":{"line":14,"column":4},"end":{"line":14,"column":null}},"4":{"start":{"line":16,"column":4},"end":{"line":16,"column":null}},"5":{"start":{"line":17,"column":4},"end":{"line":17,"column":null}},"6":{"start":{"line":24,"column":16},"end":{"line":24,"column":null}},"7":{"start":{"line":25,"column":4},"end":{"line":25,"column":null}},"8":{"start":{"line":32,"column":33},"end":{"line":32,"column":null}},"9":{"start":{"line":34,"column":4},"end":{"line":60,"column":null}},"10":{"start":{"line":35,"column":20},"end":{"line":35,"column":null}},"11":{"start":{"line":36,"column":21},"end":{"line":36,"column":null}},"12":{"start":{"line":37,"column":19},"end":{"line":37,"column":null}},"13":{"start":{"line":39,"column":6},"end":{"line":43,"column":null}},"14":{"start":{"line":47,"column":27},"end":{"line":47,"column":null}},"15":{"start":{"line":48,"column":6},"end":{"line":48,"column":null}},"16":{"start":{"line":50,"column":6},"end":{"line":53,"column":null}},"17":{"start":{"line":55,"column":6},"end":{"line":59,"column":null}},"18":{"start":{"line":67,"column":34},"end":{"line":67,"column":null}},"19":{"start":{"line":69,"column":4},"end":{"line":126,"column":null}},"20":{"start":{"line":71,"column":26},"end":{"line":71,"column":null}},"21":{"start":{"line":76,"column":24},"end":{"line":76,"column":null}},"22":{"start":{"line":77,"column":20},"end":{"line":77,"column":null}},"23":{"start":{"line":78,"column":23},"end":{"line":78,"column":null}},"24":{"start":{"line":81,"column":26},"end":{"line":81,"column":null}},"25":{"start":{"line":82,"column":26},"end":{"line":82,"column":null}},"26":{"start":{"line":84,"column":6},"end":{"line":97,"column":null}},"27":{"start":{"line":85,"column":8},"end":{"line":96,"column":null}},"28":{"start":{"line":86,"column":10},"end":{"line":86,"column":null}},"29":{"start":{"line":87,"column":8},"end":{"line":96,"column":null}},"30":{"start":{"line":89,"column":23},"end":{"line":89,"column":null}},"31":{"start":{"line":90,"column":10},"end":{"line":92,"column":null}},"32":{"start":{"line":91,"column":12},"end":{"line":91,"column":null}},"33":{"start":{"line":93,"column":10},"end":{"line":95,"column":null}},"34":{"start":{"line":94,"column":12},"end":{"line":94,"column":null}},"35":{"start":{"line":99,"column":6},"end":{"line":116,"column":null}},"36":{"start":{"line":100,"column":27},"end":{"line":100,"column":null}},"37":{"start":{"line":101,"column":8},"end":{"line":101,"column":null}},"38":{"start":{"line":101,"column":25},"end":{"line":101,"column":null}},"39":{"start":{"line":103,"column":23},"end":{"line":103,"column":null}},"40":{"start":{"line":104,"column":22},"end":{"line":104,"column":null}},"41":{"start":{"line":105,"column":27},"end":{"line":105,"column":null}},"42":{"start":{"line":107,"column":8},"end":{"line":115,"column":null}},"43":{"start":{"line":119,"column":27},"end":{"line":119,"column":null}},"44":{"start":{"line":120,"column":6},"end":{"line":120,"column":null}},"45":{"start":{"line":122,"column":6},"end":{"line":125,"column":null}},"46":{"start":{"line":128,"column":4},"end":{"line":128,"column":null}},"47":{"start":{"line":135,"column":34},"end":{"line":135,"column":null}},"48":{"start":{"line":137,"column":4},"end":{"line":224,"column":null}},"49":{"start":{"line":139,"column":26},"end":{"line":139,"column":null}},"50":{"start":{"line":168,"column":24},"end":{"line":168,"column":null}},"51":{"start":{"line":169,"column":20},"end":{"line":169,"column":null}},"52":{"start":{"line":170,"column":23},"end":{"line":170,"column":null}},"53":{"start":{"line":173,"column":24},"end":{"line":173,"column":null}},"54":{"start":{"line":175,"column":6},"end":{"line":197,"column":null}},"55":{"start":{"line":176,"column":8},"end":{"line":196,"column":null}},"56":{"start":{"line":177,"column":25},"end":{"line":177,"column":null}},"57":{"start":{"line":178,"column":10},"end":{"line":180,"column":null}},"58":{"start":{"line":179,"column":12},"end":{"line":179,"column":null}},"59":{"start":{"line":181,"column":10},"end":{"line":181,"column":null}},"60":{"start":{"line":182,"column":10},"end":{"line":182,"column":null}},"61":{"start":{"line":183,"column":8},"end":{"line":196,"column":null}},"62":{"start":{"line":185,"column":23},"end":{"line":185,"column":null}},"63":{"start":{"line":186,"column":10},"end":{"line":188,"column":null}},"64":{"start":{"line":187,"column":12},"end":{"line":187,"column":null}},"65":{"start":{"line":189,"column":10},"end":{"line":195,"column":null}},"66":{"start":{"line":190,"column":27},"end":{"line":190,"column":null}},"67":{"start":{"line":191,"column":12},"end":{"line":193,"column":null}},"68":{"start":{"line":192,"column":14},"end":{"line":192,"column":null}},"69":{"start":{"line":194,"column":12},"end":{"line":194,"column":null}},"70":{"start":{"line":199,"column":6},"end":{"line":214,"column":null}},"71":{"start":{"line":200,"column":8},"end":{"line":200,"column":null}},"72":{"start":{"line":200,"column":27},"end":{"line":200,"column":null}},"73":{"start":{"line":202,"column":21},"end":{"line":202,"column":null}},"74":{"start":{"line":203,"column":21},"end":{"line":203,"column":null}},"75":{"start":{"line":205,"column":8},"end":{"line":213,"column":null}},"76":{"start":{"line":217,"column":27},"end":{"line":217,"column":null}},"77":{"start":{"line":218,"column":6},"end":{"line":218,"column":null}},"78":{"start":{"line":220,"column":6},"end":{"line":223,"column":null}},"79":{"start":{"line":226,"column":4},"end":{"line":226,"column":null}},"80":{"start":{"line":233,"column":28},"end":{"line":233,"column":null}},"81":{"start":{"line":235,"column":4},"end":{"line":283,"column":null}},"82":{"start":{"line":236,"column":24},"end":{"line":236,"column":null}},"83":{"start":{"line":239,"column":31},"end":{"line":239,"column":null}},"84":{"start":{"line":243,"column":25},"end":{"line":243,"column":null}},"85":{"start":{"line":244,"column":28},"end":{"line":244,"column":null}},"86":{"start":{"line":245,"column":6},"end":{"line":249,"column":null}},"87":{"start":{"line":246,"column":8},"end":{"line":248,"column":null}},"88":{"start":{"line":247,"column":10},"end":{"line":247,"column":null}},"89":{"start":{"line":252,"column":33},"end":{"line":252,"column":null}},"90":{"start":{"line":255,"column":27},"end":{"line":255,"column":null}},"91":{"start":{"line":256,"column":30},"end":{"line":256,"column":null}},"92":{"start":{"line":257,"column":6},"end":{"line":261,"column":null}},"93":{"start":{"line":258,"column":8},"end":{"line":260,"column":null}},"94":{"start":{"line":259,"column":10},"end":{"line":259,"column":null}},"95":{"start":{"line":264,"column":35},"end":{"line":264,"column":null}},"96":{"start":{"line":267,"column":29},"end":{"line":267,"column":null}},"97":{"start":{"line":268,"column":32},"end":{"line":268,"column":null}},"98":{"start":{"line":269,"column":6},"end":{"line":273,"column":null}},"99":{"start":{"line":270,"column":8},"end":{"line":272,"column":null}},"100":{"start":{"line":271,"column":10},"end":{"line":271,"column":null}},"101":{"start":{"line":276,"column":27},"end":{"line":276,"column":null}},"102":{"start":{"line":277,"column":6},"end":{"line":277,"column":null}},"103":{"start":{"line":279,"column":6},"end":{"line":282,"column":null}},"104":{"start":{"line":285,"column":4},"end":{"line":285,"column":null}},"105":{"start":{"line":292,"column":4},"end":{"line":292,"column":null}},"106":{"start":{"line":292,"column":37},"end":{"line":292,"column":null}},"107":{"start":{"line":293,"column":4},"end":{"line":293,"column":null}},"108":{"start":{"line":293,"column":54},"end":{"line":293,"column":null}},"109":{"start":{"line":294,"column":4},"end":{"line":294,"column":null}},"110":{"start":{"line":294,"column":33},"end":{"line":294,"column":null}},"111":{"start":{"line":295,"column":4},"end":{"line":295,"column":null}},"112":{"start":{"line":295,"column":36},"end":{"line":295,"column":null}},"113":{"start":{"line":296,"column":4},"end":{"line":296,"column":null}},"114":{"start":{"line":303,"column":4},"end":{"line":303,"column":null}}},"fnMap":{"0":{"name":"(anonymous_0)","decl":{"start":{"line":11,"column":2},"end":{"line":11,"column":16}},"loc":{"start":{"line":11,"column":16},"end":{"line":18,"column":null}},"line":11},"1":{"name":"(anonymous_1)","decl":{"start":{"line":23,"column":2},"end":{"line":23,"column":11}},"loc":{"start":{"line":23,"column":38},"end":{"line":26,"column":null}},"line":23},"2":{"name":"(anonymous_2)","decl":{"start":{"line":31,"column":2},"end":{"line":31,"column":8}},"loc":{"start":{"line":31,"column":59},"end":{"line":61,"column":null}},"line":31},"3":{"name":"(anonymous_3)","decl":{"start":{"line":66,"column":10},"end":{"line":66,"column":25}},"loc":{"start":{"line":66,"column":116},"end":{"line":129,"column":null}},"line":66},"4":{"name":"(anonymous_4)","decl":{"start":{"line":134,"column":10},"end":{"line":134,"column":25}},"loc":{"start":{"line":134,"column":116},"end":{"line":227,"column":null}},"line":134},"5":{"name":"(anonymous_5)","decl":{"start":{"line":232,"column":10},"end":{"line":232,"column":29}},"loc":{"start":{"line":232,"column":128},"end":{"line":286,"column":null}},"line":232},"6":{"name":"(anonymous_6)","decl":{"start":{"line":291,"column":10},"end":{"line":291,"column":26}},"loc":{"start":{"line":291,"column":60},"end":{"line":297,"column":null}},"line":291},"7":{"name":"(anonymous_7)","decl":{"start":{"line":302,"column":10},"end":{"line":302,"column":29}},"loc":{"start":{"line":302,"column":51},"end":{"line":304,"column":null}},"line":302}},"branchMap":{"0":{"loc":{"start":{"line":24,"column":16},"end":{"line":24,"column":null}},"type":"binary-expr","locations":[{"start":{"line":24,"column":16},"end":{"line":24,"column":60}},{"start":{"line":24,"column":60},"end":{"line":24,"column":null}}],"line":24},"1":{"loc":{"start":{"line":35,"column":20},"end":{"line":35,"column":null}},"type":"binary-expr","locations":[{"start":{"line":35,"column":20},"end":{"line":35,"column":49}},{"start":{"line":35,"column":49},"end":{"line":35,"column":null}}],"line":35},"2":{"loc":{"start":{"line":36,"column":21},"end":{"line":36,"column":null}},"type":"cond-expr","locations":[{"start":{"line":36,"column":29},"end":{"line":36,"column":46}},{"start":{"line":36,"column":46},"end":{"line":36,"column":null}}],"line":36},"3":{"loc":{"start":{"line":42,"column":16},"end":{"line":42,"column":null}},"type":"cond-expr","locations":[{"start":{"line":42,"column":36},"end":{"line":42,"column":45}},{"start":{"line":42,"column":45},"end":{"line":42,"column":null}}],"line":42},"4":{"loc":{"start":{"line":47,"column":27},"end":{"line":47,"column":null}},"type":"cond-expr","locations":[{"start":{"line":47,"column":52},"end":{"line":47,"column":68}},{"start":{"line":47,"column":68},"end":{"line":47,"column":null}}],"line":47},"5":{"loc":{"start":{"line":76,"column":24},"end":{"line":76,"column":null}},"type":"cond-expr","locations":[{"start":{"line":76,"column":32},"end":{"line":76,"column":49}},{"start":{"line":76,"column":49},"end":{"line":76,"column":null}}],"line":76
[...]
ne":298,"column":null}},{"start":{},"end":{}}],"line":240},"20":{"loc":{"start":{"line":248,"column":23},"end":{"line":248,"column":null}},"type":"binary-expr","locations":[{"start":{"line":248,"column":23},"end":{"line":248,"column":51}},{"start":{"line":248,"column":51},"end":{"line":248,"column":null}}],"line":248},"21":{"loc":{"start":{"line":261,"column":6},"end":{"line":267,"column":null}},"type":"if","locations":[{"start":{"line":261,"column":6},"end":{"line":267,"column":null}},{"start":{},"end":{}}],"line":261},"22":{"loc":{"start":{"line":273,"column":24},"end":{"line":273,"column":null}},"type":"binary-expr","locations":[{"start":{"line":273,"column":24},"end":{"line":273,"column":52}},{"start":{"line":273,"column":52},"end":{"line":273,"column":null}}],"line":273},"23":{"loc":{"start":{"line":275,"column":6},"end":{"line":281,"column":null}},"type":"if","locations":[{"start":{"line":275,"column":6},"end":{"line":281,"column":null}},{"start":{},"end":{}}],"line":275},"24":{"loc":{"start":{"line":283,"column":6},"end":{"line":289,"column":null}},"type":"if","locations":[{"start":{"line":283,"column":6},"end":{"line":289,"column":null}},{"start":{},"end":{}}],"line":283},"25":{"loc":{"start":{"line":291,"column":6},"end":{"line":294,"column":null}},"type":"if","locations":[{"start":{"line":291,"column":6},"end":{"line":294,"column":null}},{"start":{},"end":{}}],"line":291},"26":{"loc":{"start":{"line":322,"column":2},"end":{"line":327,"column":null}},"type":"if","locations":[{"start":{"line":322,"column":2},"end":{"line":327,"column":null}},{"start":{},"end":{}}],"line":322},"27":{"loc":{"start":{"line":329,"column":2},"end":{"line":339,"column":null}},"type":"if","locations":[{"start":{"line":329,"column":2},"end":{"line":339,"column":null}},{"start":{"line":331,"column":9},"end":{"line":339,"column":null}}],"line":329},"28":{"loc":{"start":{"line":336,"column":4},"end":{"line":338,"column":null}},"type":"if","locations":[{"start":{"line":336,"column":4},"end":{"line":338,"column":null}},{"start":{},"end":{}}],"line":336}},"s":{"0":0,"1":0,"2":0,"3":0,"4":0,"5":0,"6":0,"7":0,"8":0,"9":0,"10":0,"11":0,"12":0,"13":0,"14":0,"15":0,"16":0,"17":0,"18":0,"19":0,"20":0,"21":0,"22":0,"23":0,"24":0,"25":0,"26":0,"27":0,"28":0,"29":0,"30":0,"31":0,"32":0,"33":0,"34":0,"35":0,"36":0,"37":0,"38":0,"39":0,"40":0,"41":0,"42":0,"43":0,"44":0,"45":0,"46":0,"47":0,"48":0,"49":0,"50":0,"51":0,"52":0,"53":0,"54":0,"55":0,"56":0,"57":9,"58":9,"59":9,"60":9,"61":8,"62":8,"63":1,"64":1,"65":1,"66":1,"67":1,"68":1,"69":0,"70":0,"71":0,"72":0,"73":0,"74":0,"75":0,"76":0,"77":0,"78":0,"79":0,"80":0,"81":0,"82":0,"83":0,"84":0,"85":0,"86":0,"87":0,"88":0,"89":0,"90":0,"91":0,"92":0,"93":0,"94":0,"95":0,"96":0,"97":0,"98":0,"99":0,"100":0,"101":0,"102":0,"103":0,"104":0,"105":0,"106":0,"107":0,"108":0,"109":0,"110":0,"111":0,"112":0,"113":0,"114":0,"115":0,"116":0,"117":0,"118":0,"119":0,"120":0,"121":0,"122":0,"123":0,"124":0,"125":0,"126":0,"127":0,"128":0,"129":0,"130":0,"131":0,"132":0,"133":0,"134":0,"135":0,"136":0,"137":0,"138":0,"139":0,"140":0,"141":0,"142":0,"143":0,"144":0,"145":0,"146":0,"147":0,"148":0,"149":0,"150":0,"151":0,"152":0,"153":0,"154":0,"155":0,"156":0,"157":0,"158":0,"159":0,"160":0,"161":0,"162":0,"163":0,"164":0,"165":0,"166":0},"f":{"0":0,"1":0,"2":9},"b":{"0":[0,0],"1":[0,0],"2":[0,0],"3":[0,0],"4":[0,0],"5":[0,0],"6":[0,0],"7":[0,0],"8":[0,0],"9":[9],"10":[9,0],"11":[8,1],"12":[1,0],"13":[0,0],"14":[0,0],"15":[0,0],"16":[0,0],"17":[0,0],"18":[0,0],"19":[0,0],"20":[0,0],"21":[0,0],"22":[0,0],"23":[0,0],"24":[0,0],"25":[0,0],"26":[0,0],"27":[0,0],"28":[0,0]},"meta":{"lastBranch":29,"lastFunction":3,"lastStatement":167,"seen":{"f:16:9:16:Infinity":0,"s:23:34:23:Infinity":0,"s:24:31:24:Infinity":1,"s:27:8:27:Infinity":2,"s:28:8:28:Infinity":3,"s:30:2:34:Infinity":4,"b:31:4:33:Infinity:undefined:undefined:undefined:undefined":0,"s:31:4:33:Infinity":5,"s:32:6:32:Infinity":6,"s:37:8:37:Infinity":7,"s:38:8:38:Infinity":8,"s:40:2:44:Infinity":9,"b:41:4:43:Infinity:undefined:undefined:undefined:undefined":1,"s:41:4:43:Infinity":10,"s:42:6:42:Infinity":11,"s:46:2:46:Infinity":12,"f:52:9:52:32":1,"s:53:26:53:Infinity":13,"s:56:2:56:Infinity":14,"s:57:2:57:Infinity":15,"s:58:2:58:Infinity":16,"s:61:2:61:Infinity":17,"s:62:2:62:Infinity":18,"s:63:2:63:Infinity":19,"s:64:2:64:Infinity":20,"s:65:2:65:Infinity":21,"s:66:2:66:Infinity":22,"b:69:2:73:Infinity:71:9:73:Infinity":2,"s:69:2:73:Infinity":23,"s:70:4:70:Infinity":24,"s:72:4:72:Infinity":25,"s:76:2:76:Infinity":26,"s:77:2:77:Infinity":27,"s:79:2:115:Infinity":28,"s:80:4:80:Infinity":29,"s:82:4:114:Infinity":30,"s:83:63:83:Infinity":31,"b:85:6:89:Infinity:undefined:undefined:undefined:undefined":3,"s:85:6:89:Infinity":32,"s:86:8:86:Infinity":33,"s:87:8:87:Infinity":34,"s:88:8:88:Infinity":35,"s:91:24:91:Infinity":36,"b:91:24:91:52:91:52:91:Infinity":4,"b:93:6:113:Infinity:111:13:113:Infinity":5,"s:93:6:113:Infinity":37,"s:94:8:94:Infinity":38,"b:96:8:102:Infinity:undefined:undefined:undefined:undefined":6,"s:96:8:102:Infinity":39,"s:97:10:97:Infinity":40,"s:98:10:100:Infinity":41,"s:99:12:99:Infinity":42,"s:101:10:101:Infinity":43,"b:104:8:110:Infinity:undefined:undefined:undefined:undefined":7,"s:104:8:110:Infinity":44,"s:105:10:105:Infinity":45,"s:106:10:108:Infinity":46,"s:107:12:107:Infinity":47,"s:109:10:109:Infinity":48,"s:112:8:112:Infinity":49,"b:118:2:124:Infinity:undefined:undefined:undefined:undefined":8,"s:118:2:124:Infinity":50,"s:119:4:119:Infinity":51,"s:120:4:120:Infinity":52,"s:121:4:121:Infinity":53,"s:122:4:122:Infinity":54,"s:123:4:123:Infinity":55,"s:127:2:127:Infinity":56,"f:133:22:133:Infinity":2,"b:134:31:134:Infinity":9,"s:136:2:136:Infinity":57,"s:139:21:139:Infinity":58,"b:139:21:139:44:139:44:139:Infinity":10,"s:142:8:142:Infinity":59,"b:145:2:155:Infinity:undefined:undefined:undefined:undefined":11,"s:145:2:155:Infinity":60,"s:146:4:146:Infinity":61,"s:147:4:154:Infinity":62,"s:157:8:157:Infinity":63,"s:158:8:158:Infinity":64,"s:160:2:160:Infinity":65,"b:163:2:173:Infinity:undefined:undefined:undefined:undefined":12,"s:163:2:173:Infinity":66,"s:164:4:164:Infinity":67,"s:165:4:172:Infinity":68,"s:175:19:175:Infinity":69,"s:176:20:176:Infinity":70,"s:177:20:177:Infinity":71,"s:178:48:178:Infinity":72,"s:181:2:181:Infinity":73,"s:182:2:182:Infinity":74,"s:184:2:184:Infinity":75,"s:185:8:185:Infinity":76,"s:187:2:237:Infinity":77,"s:188:21:188:Infinity":78,"b:188:21:188:49:188:49:188:Infinity":13,"s:189:10:189:Infinity":79,"s:190:4:190:Infinity":80,"s:192:4:192:Infinity":81,"s:194:35:199:Infinity":82,"b:201:4:207:Infinity:undefined:undefined:undefined:undefined":14,"s:201:4:207:Infinity":83,"s:202:6:202:Infinity":84,"s:203:6:203:Infinity":85,"s:204:6:204:Infinity":86,"s:205:6:205:Infinity":87,"s:206:6:206:Infinity":88,"s:209:42:209:Infinity":89,"s:210:4:210:Infinity":90,"s:211:4:211:Infinity":91,"s:213:22:213:Infinity":92,"b:213:22:213:50:213:50:213:Infinity":15,"b:215:4:221:Infinity:undefined:undefined:undefined:undefined":16,"s:215:4:221:Infinity":93,"s:216:6:216:Infinity":94,"s:217:6:219:Infinity":95,"s:218:8:218:Infinity":96,"s:220:6:220:Infinity":97,"b:223:4:229:Infinity:undefined:undefined:undefined:undefined":17,"s:223:4:229:Infinity":98,"s:224:6:224:Infinity":99,"s:225:6:227:Infinity":100,"s:226:8:226:Infinity":101,"s:228:6:228:Infinity":102,"b:231:4:234:Infinity:undefined:undefined:undefined:undefined":18,"s:231:4:234:Infinity":103,"s:232:6:232:Infinity":104,"s:233:6:233:Infinity":105,"s:236:4:236:Infinity":106,"b:240:2:298:Infinity:undefined:undefined:undefined:undefined":19,"s:240:2:298:Infinity":107,"s:241:4:241:Infinity":108,"s:242:4:242:Infinity":109,"s:244:4:244:Infinity":110,"s:245:10:245:Infinity":111,"s:247:4:297:Infinity":112,"s:248:23:248:Infinity":113,"b:248:23:248:51:248:51:248:Infinity":20,"s:249:12:249:Infinity":114,"s:250:6:250:Infinity":115,"s:252:6:252:Infinity":116,"s:254:37:259:Infinity":117,"b:261:6:267:Infinity:undefined:undefined:undefined:undefined":21,"s:261:6:267:Infinity":118,"s:262:8:262:Infinity":119,"s:263:8:263:Infinity":120,"s:264:8:264:Infinity":121,"s:265:8:265:Infinity":122,"s:266:8:266:Infinity":123,"s:269:44:269:Infinity":124,"s:270:6:270:Infinity":125,"s:271:6:271:Infinity":126,"s:273:24:273:Infinity":127,"b:273:24:273:52:273:52:273:Infinity":22,"b:275:6:281:Infinity:undefined:undefined:undefined:undefined":23,"s:275:6:281:Infinity":128,"s:276:8:276:Infinity":129,"s:277:8:279:Infinity":130,"s:278:10:278:Infinity":131,"s:280:8:280:Infinity":132,"b:283:6:289:Infinity:undefined:undefined:undefined:undefined":24,"s:283:6:289:Infinity":133,"s:284:8:284:Infinity":134,"s:285:8:287:Infinity":135,"s:286:10:286:Infinity":136,"s:288:8:288:Infinity":137,"b:291:6:294:Infinity:undefined:undefined:undefined:undefined":25,"s:291:6:294:Infinity":138,"s:292:8:292:Infinity":139,"s:293:8:293:Infinity":140,"s:296:6:296:Infinity":141,"s:301:2:301:Infinity":142,"s:302:2:302:Infinity":143,"s:303:2:303:Infinity":144,"s:304:2:304:Infinity":145,"s:305:2:305:Infinity":146,"s:306:2:306:Infinity":147,"s:307:2:307:Infinity":148,"s:308:2:308:Infinity":149,"s:309:2:309:Infinity":150,"s:310:2:310:Infinity":151,"s:312:35:319:Infinity":152,"b:322:2:327:Infinity:undefined:undefined:undefined:undefined":26,"s:322:2:327:Infinity":153,"s:323:10:323:Infinity":154,"s:324:4:324:Infinity":155,"s:325:4:325:Infinity":156,"s:326:4:326:Infinity":157,"b:329:2:339:Infinity:331:9:339:Infinity":27,"s:329:2:339:Infinity":158,"s:330:4:330:Infinity":159,"s:332:4:332:Infinity":160,"s:333:4:333:Infinity":161,"s:334:4:334:Infinity":162,"s:335:4:335:Infinity":163,"b:336:4:338:Infinity:undefined:undefined:undefined:undefined":28,"s:336:4:338:Infinity":164,"s:337:6:337:Infinity":165,"s:341:2:341:Infinity":166}}}
,"/Users/junwoobang/project/mdoc-tools/src/types/config.ts": {"path":"/Users/junwoobang/project/mdoc-tools/src/types/config.ts","statementMap":{"0":{"start":{"line":12,"column":23},"end":{"line":12,"column":null}},"1":{"start":{"line":14,"column":30},"end":{"line":18,"column":null}},"2":{"start":{"line":20,"column":31},"end":{"line":26,"column":null}},"3":{"start":{"line":28,"column":25},"end":{"line":33,"column":null}},"4":{"start":{"line":35,"column":32},"end":{"line":38,"column":null}},"5":{"start":{"line":43,"column":32},"end":{"line":49,"column":null}},"6":{"start":{"line":49,"column":38},"end":{"line":49,"column":45}},"7":{"start":{"line":60,"column":2},"end":{"line":60,"column":null}},"8":{"start":{"line":71,"column":17},"end":{"line":71,"column":null}},"9":{"start":{"line":72,"column":2},"end":{"line":74,"column":null}},"10":{"start":{"line":73,"column":4},"end":{"line":73,"column":null}},"11":{"start":{"line":75,"column":2},"end":{"line":75,"column":null}},"12":{"start":{"line":78,"column":42},"end":{"line":102,"column":null}},"13":{"start":{"line":108,"column":15},"end":{"line":108,"column":null}},"14":{"start":{"line":109,"column":2},"end":{"line":119,"column":null}},"15":{"start":{"line":111,"column":6},"end":{"line":111,"column":null}},"16":{"start":{"line":113,"column":6},"end":{"line":113,"column":null}},"17":{"start":{"line":115,"column":6},"end":{"line":115,"column":null}},"18":{"start":{"line":118,"column":6},"end":{"line":118,"column":null}}},"fnMap":{"0":{"name":"(anonymous_0)","decl":{"start":{"line":49,"column":33},"end":{"line":49,"column":38}},"loc":{"start":{"line":49,"column":38},"end":{"line":49,"column":45}},"line":49},"1":{"name":"validateConfig","decl":{"start":{"line":59,"column":16},"end":{"line":59,"column":31}},"loc":{"start":{"line":59,"column":60},"end":{"line":61,"column":null}},"line":59},"2":{"name":"validateConfigSafe","decl":{"start":{"line":66,"column":16},"end":{"line":66,"column":35}},"loc":{"start":{"line":70,"column":2},"end":{"line":76,"column":null}},"line":70},"3":{"name":"getDocsPath","decl":{"start":{"line":107,"column":16},"end":{"line":107,"column":28}},"loc":{"start":{"line":107,"column":118},"end":{"line":120,"column":null}},"line":107}},"branchMap":{"0":{"loc":{"start":{"line":49,"column":38},"end":{"line":49,"column":45}},"type":"binary-expr","locations":[{"start":{"line":49,"column":38},"end":{"line":49,"column":43}},{"start":{"line":49,"column":43},"end":{"line":49,"column":45}}],"line":49},"1":{"loc":{"start":{"line":72,"column":2},"end":{"line":74,"column":null}},"type":"if","locations":[{"start":{"line":72,"column":2},"end":{"line":74,"column":null}},{"start":{},"end":{}}],"line":72},"2":{"loc":{"start":{"line":107,"column":48},"end":{"line":107,"column":118}},"type":"default-arg","locations":[{"start":{"line":107,"column":102},"end":{"line":107,"column":118}}],"line":107},"3":{"loc":{"start":{"line":108,"column":15},"end":{"line":108,"column":null}},"type":"binary-expr","locations":[{"start":{"line":108,"column":15},"end":{"line":108,"column":30}},{"start":{"line":108,"column":30},"end":{"line":108,"column":null}}],"line":108},"4":{"loc":{"start":{"line":109,"column":2},"end":{"line":119,"column":null}},"type":"switch","locations":[{"start":{"line":110,"column":4},"end":{"line":111,"column":null}},{"start":{"line":112,"column":4},"end":{"line":113,"column":null}},{"start":{"line":114,"column":4},"end":{"line":115,"column":null}},{"start":{"line":116,"column":4},"end":{"line":116,"column":null}},{"start":{"line":117,"column":4},"end":{"line":118,"column":null}}],"line":109}},"s":{"0":2,"1":2,"2":2,"3":2,"4":2,"5":2,"6":75,"7":0,"8":76,"9":76,"10":75,"11":1,"12":2,"13":296,"14":296,"15":30,"16":30,"17":10,"18":226},"f":{"0":75,"1":0,"2":76,"3":296},"b":{"0":[75,0],"1":[75,1],"2":[296],"3":[296,0],"4":[30,30,10,226,226]},"meta":{"lastBranch":5,"lastFunction":4,"lastStatement":19,"seen":{"s:12:23:12:Infinity":0,"s:14:30:18:Infinity":1,"s:20:31:26:Infinity":2,"s:28:25:33:Infinity":3,"s:35:32:38:Infinity":4,"s:43:32:49:Infinity":5,"f:49:33:49:38":0,"s:49:38:49:45":6,"b:49:38:49:43:49:43:49:45":0,"f:59:16:59:31":1,"s:60:2:60:Infinity":7,"f:66:16:66:35":2,"s:71:17:71:Infinity":8,"b:72:2:74:Infinity:undefined:undefined:undefined:undefined":1,"s:72:2:74:Infinity":9,"s:73:4:73:Infinity":10,"s:75:2:75:Infinity":11,"s:78:42:102:Infinity":12,"f:107:16:107:28":3,"b:107:102:107:118":2,"s:108:15:108:Infinity":13,"b:108:15:108:30:108:30:108:Infinity":3,"b:110:4:111:Infinity:112:4:113:Infinity:114:4:115:Infinity:116:4:116:Infinity:117:4:118:Infinity":4,"s:109:2:119:Infinity":14,"s:111:6:111:Infinity":15,"s:113:6:113:Infinity":16,"s:115:6:115:Infinity":17,"s:118:6:118:Infinity":18}}}
,"/Users/junwoobang/project/mdoc-tools/src/utils/config.ts": {"path":"/Users/junwoobang/project/mdoc-tools/src/utils/config.ts","statementMap":{"0":{"start":{"line":13,"column":8},"end":{"line":13,"column":null}},"1":{"start":{"line":15,"column":2},"end":{"line":17,"column":null}},"2":{"start":{"line":16,"column":4},"end":{"line":16,"column":null}},"3":{"start":{"line":20,"column":2},"end":{"line":32,"column":null}},"4":{"start":{"line":21,"column":4},"end":{"line":21,"column":null}},"5":{"start":{"line":23,"column":4},"end":{"line":31,"column":null}},"6":{"start":{"line":35,"column":2},"end":{"line":47,"column":null}},"7":{"start":{"line":36,"column":4},"end":{"line":36,"column":null}},"8":{"start":{"line":38,"column":4},"end":{"line":46,"column":null}},"9":{"start":{"line":50,"column":8},"end":{"line":50,"column":null}},"10":{"start":{"line":51,"column":2},"end":{"line":65,"column":null}},"11":{"start":{"line":52,"column":25},"end":{"line":54,"column":null}},"12":{"start":{"line":53,"column":17},"end":{"line":53,"column":56}},"13":{"start":{"line":56,"column":4},"end":{"line":64,"column":null}},"14":{"start":{"line":67,"column":17},"end":{"line":67,"column":null}},"15":{"start":{"line":70,"column":35},"end":{"line":98,"column":null}},"16":{"start":{"line":101,"column":2},"end":{"line":103,"column":null}},"17":{"start":{"line":102,"column":4},"end":{"line":102,"column":null}},"18":{"start":{"line":105,"column":2},"end":{"line":105,"column":null}},"19":{"start":{"line":112,"column":2},"end":{"line":112,"column":null}}},"fnMap":{"0":{"name":"loadConfig","decl":{"start":{"line":12,"column":16},"end":{"line":12,"column":27}},"loc":{"start":{"line":12,"column":60},"end":{"line":106,"column":null}},"line":12},"1":{"name":"(anonymous_1)","decl":{"start":{"line":53,"column":12},"end":{"line":53,"column":17}},"loc":{"start":{"line":53,"column":17},"end":{"line":53,"column":56}},"line":53},"2":{"name":"getDefaultConfig","decl":{"start":{"line":111,"column":16},"end":{"line":111,"column":47}},"loc":{"start":{"line":111,"column":47},"end":{"line":113,"column":null}},"line":111}},"branchMap":{"0":{"loc":{"start":{"line":15,"column":2},"end":{"line":17,"column":null}},"type":"if","locations":[{"start":{"line":15,"column":2},"end":{"line":17,"column":null}},{"start":{},"end":{}}],"line":15},"1":{"loc":{"start":{"line":51,"column":2},"end":{"line":65,"column":null}},"type":"if","locations":[{"start":{"line":51,"column":2},"end":{"line":65,"column":null}},{"start":{},"end":{}}],"line":51},"2":{"loc":{"start":{"line":52,"column":25},"end":{"line":54,"column":null}},"type":"binary-expr","locations":[{"start":{"line":52,"column":25},"end":{"line":54,"column":21}},{"start":{"line":54,"column":21},"end":{"line":54,"column":null}}],"line":52},"3":{"loc":{"start":{"line":71,"column":14},"end":{"line":71,"column":null}},"type":"binary-expr","locations":[{"start":{"line":71,"column":14},"end":{"line":71,"column":33}},{"start":{"line":71,"column":33},"end":{"line":71,"column":null}}],"line":71},"4":{"loc":{"start":{"line":72,"column":8},"end":{"line":77,"column":null}},"type":"binary-expr","locations":[{"start":{"line":72,"column":8},"end":{"line":72,"column":28}},{"start":{"line":72,"column":28},"end":{"line":77,"column":null}}],"line":72},"5":{"loc":{"start":{"line":78,"column":8},"end":{"line":85,"column":null}},"type":"binary-expr","locations":[{"start":{"line":78,"column":8},"end":{"line":78,"column":29}},{"start":{"line":78,"column":29},"end":{"line":85,"column":null}}],"line":78},"6":{"loc":{"start":{"line":86,"column":8},"end":{"line":91,"column":null}},"type":"binary-expr","locations":[{"start":{"line":86,"column":8},"end":{"line":86,"column":23}},{"start":{"line":86,"column":23},"end":{"line":91,"column":null}}],"line":86},"7":{"loc":{"start":{"line":92,"column":8},"end":{"line":97,"column":null}},"type":"binary-expr","locations":[{"start":{"line":92,"column":8},"end":{"line":92,"column":30}},{"start":{"line":92,"column":30},"end":{"line":97,"column":null}}],"line":92},"8":{"loc":{"start":{"line":101,"column":2},"end":{"line":103,"column":null}},"type":"if","locations":[{"start":{"line":101,"column":2},"end":{"line":103,"column":null}},{"start":{},"end":{}}],"line":101}},"s":{"0":79,"1":79,"2":2,"3":77,"4":77,"5":0,"6":77,"7":77,"8":1,"9":76,"10":76,"11":1,"12":1,"13":1,"14":75,"15":75,"16":79,"17":75,"18":75,"19":0},"f":{"0":79,"1":1,"2":0},"b":{"0":[2,77],"1":[1,75],"2":[1,0],"3":[75,0],"4":[79,0],"5":[79,74],"6":[79,75],"7":[79,74],"8":[75,4]},"meta":{"lastBranch":9,"lastFunction":3,"lastStatement":20,"seen":{"f:12:16:12:27":0,"s:13:8:13:Infinity":0,"b:15:2:17:Infinity:undefined:undefined:undefined:undefined":0,"s:15:2:17:Infinity":1,"s:16:4:16:Infinity":2,"s:20:2:32:Infinity":3,"s:21:4:21:Infinity":4,"s:23:4:31:Infinity":5,"s:35:2:47:Infinity":6,"s:36:4:36:Infinity":7,"s:38:4:46:Infinity":8,"s:50:8:50:Infinity":9,"b:51:2:65:Infinity:undefined:undefined:undefined:undefined":1,"s:51:2:65:Infinity":10,"s:52:25:54:Infinity":11,"b:52:25:54:21:54:21:54:Infinity":2,"f:53:12:53:17":1,"s:53:17:53:56":12,"s:56:4:64:Infinity":13,"s:67:17:67:Infinity":14,"s:70:35:98:Infinity":15,"b:71:14:71:33:71:33:71:Infinity":3,"b:72:8:72:28:72:28:77:Infinity":4,"b:78:8:78:29:78:29:85:Infinity":5,"b:86:8:86:23:86:23:91:Infinity":6,"b:92:8:92:30:92:30:97:Infinity":7,"b:101:2:103:Infinity:undefined:undefined:undefined:undefined":8,"s:101:2:103:Infinity":16,"s:102:4:102:Infinity":17,"s:105:2:105:Infinity":18,"f:111:16:111:47":2,"s:112:2:112:Infinity":19}}}
}
